<?xml version="1.0" encoding="UTF-8"?>
<testsuite name="garuda.dndz.ua.tests.ContactPhoneTest" tests="1" skipped="0" failures="0" errors="0" timestamp="2020-12-15T18:40:37" hostname="GARUDA-PC" time="1.241">
  <properties/>
  <testcase name="testContactPhone" classname="garuda.dndz.ua.tests.ContactPhoneTest" time="1.241"/>
  <system-out><![CDATA[5219 [Test worker] INFO  garuda.dndz.ua.tests.TestBase - Start test testContactPhonewith parameters[] 
5223 [Forwarding findElement on session c5efd7ac8a1e3d8f8a87919b08fbcbdd to remote] DEBUG o.a.n.request.NettyRequestSender - Using pooled Channel '[id: 0x2dd8e79a, L:/127.0.0.1:49544 - R:localhost/127.0.0.1:47013]' for 'POST' to 'http://localhost:47013/session/c5efd7ac8a1e3d8f8a87919b08fbcbdd/element' 
5224 [Forwarding findElement on session c5efd7ac8a1e3d8f8a87919b08fbcbdd to remote] DEBUG o.a.n.request.NettyRequestSender - Using open Channel [id: 0x2dd8e79a, L:/127.0.0.1:49544 - R:localhost/127.0.0.1:47013] for POST '/session/c5efd7ac8a1e3d8f8a87919b08fbcbdd/element' 
5238 [AsyncHttpClient-1-2] DEBUG o.a.netty.handler.HttpHandler - 

Request DefaultHttpRequest(decodeResult: success, version: HTTP/1.1)
POST /session/c5efd7ac8a1e3d8f8a87919b08fbcbdd/element HTTP/1.1
User-Agent: selenium/4.0.0-alpha-7 (java windows)
Content-Length: 54
Content-Type: application/json; charset=utf-8
host: localhost:47013
accept: */*

Response DefaultHttpResponse(decodeResult: success, version: HTTP/1.1)
HTTP/1.1 200 OK
Content-Length: 88
Content-Type: application/json; charset=utf-8
cache-control: no-cache
 
5238 [AsyncHttpClient-1-2] DEBUG o.a.netty.channel.ChannelManager - Adding key: http://localhost:47013 for channel [id: 0x2dd8e79a, L:/127.0.0.1:49544 - R:localhost/127.0.0.1:47013] 
5241 [Forwarding findElements on session c5efd7ac8a1e3d8f8a87919b08fbcbdd to remote] DEBUG o.a.n.request.NettyRequestSender - Using pooled Channel '[id: 0x2dd8e79a, L:/127.0.0.1:49544 - R:localhost/127.0.0.1:47013]' for 'POST' to 'http://localhost:47013/session/c5efd7ac8a1e3d8f8a87919b08fbcbdd/elements' 
5241 [Forwarding findElements on session c5efd7ac8a1e3d8f8a87919b08fbcbdd to remote] DEBUG o.a.n.request.NettyRequestSender - Using open Channel [id: 0x2dd8e79a, L:/127.0.0.1:49544 - R:localhost/127.0.0.1:47013] for POST '/session/c5efd7ac8a1e3d8f8a87919b08fbcbdd/elements' 
5253 [AsyncHttpClient-1-2] DEBUG o.a.netty.handler.HttpHandler - 

Request DefaultHttpRequest(decodeResult: success, version: HTTP/1.1)
POST /session/c5efd7ac8a1e3d8f8a87919b08fbcbdd/elements HTTP/1.1
User-Agent: selenium/4.0.0-alpha-7 (java windows)
Content-Length: 59
Content-Type: application/json; charset=utf-8
host: localhost:47013
accept: */*

Response DefaultHttpResponse(decodeResult: success, version: HTTP/1.1)
HTTP/1.1 200 OK
Content-Length: 880
Content-Type: application/json; charset=utf-8
cache-control: no-cache
 
5254 [AsyncHttpClient-1-2] DEBUG o.a.netty.channel.ChannelManager - Adding key: http://localhost:47013 for channel [id: 0x2dd8e79a, L:/127.0.0.1:49544 - R:localhost/127.0.0.1:47013] 
5261 [Forwarding findChildElements on session c5efd7ac8a1e3d8f8a87919b08fbcbdd to remote] DEBUG o.a.n.request.NettyRequestSender - Using pooled Channel '[id: 0x2dd8e79a, L:/127.0.0.1:49544 - R:localhost/127.0.0.1:47013]' for 'POST' to 'http://localhost:47013/session/c5efd7ac8a1e3d8f8a87919b08fbcbdd/element/71ade899-f05e-4291-9779-a5a68705f779/elements' 
5261 [Forwarding findChildElements on session c5efd7ac8a1e3d8f8a87919b08fbcbdd to remote] DEBUG o.a.n.request.NettyRequestSender - Using open Channel [id: 0x2dd8e79a, L:/127.0.0.1:49544 - R:localhost/127.0.0.1:47013] for POST '/session/c5efd7ac8a1e3d8f8a87919b08fbcbdd/element/71ade899-f05e-4291-9779-a5a68705f779/elements' 
5272 [AsyncHttpClient-1-2] DEBUG o.a.netty.handler.HttpHandler - 

Request DefaultHttpRequest(decodeResult: success, version: HTTP/1.1)
POST /session/c5efd7ac8a1e3d8f8a87919b08fbcbdd/element/71ade899-f05e-4291-9779-a5a68705f779/elements HTTP/1.1
User-Agent: selenium/4.0.0-alpha-7 (java windows)
Content-Length: 94
Content-Type: application/json; charset=utf-8
host: localhost:47013
accept: */*

Response DefaultHttpResponse(decodeResult: success, version: HTTP/1.1)
HTTP/1.1 200 OK
Content-Length: 801
Content-Type: application/json; charset=utf-8
cache-control: no-cache
 
5272 [AsyncHttpClient-1-2] DEBUG o.a.netty.channel.ChannelManager - Adding key: http://localhost:47013 for channel [id: 0x2dd8e79a, L:/127.0.0.1:49544 - R:localhost/127.0.0.1:47013] 
5273 [Forwarding findChildElement on session c5efd7ac8a1e3d8f8a87919b08fbcbdd to remote] DEBUG o.a.n.request.NettyRequestSender - Using pooled Channel '[id: 0x2dd8e79a, L:/127.0.0.1:49544 - R:localhost/127.0.0.1:47013]' for 'POST' to 'http://localhost:47013/session/c5efd7ac8a1e3d8f8a87919b08fbcbdd/element/e057fae4-1a4d-458e-9b7b-584079999d97/element' 
5273 [Forwarding findChildElement on session c5efd7ac8a1e3d8f8a87919b08fbcbdd to remote] DEBUG o.a.n.request.NettyRequestSender - Using open Channel [id: 0x2dd8e79a, L:/127.0.0.1:49544 - R:localhost/127.0.0.1:47013] for POST '/session/c5efd7ac8a1e3d8f8a87919b08fbcbdd/element/e057fae4-1a4d-458e-9b7b-584079999d97/element' 
5273 [AsyncHttpClient-1-2] DEBUG o.a.netty.handler.HttpHandler - 

Request DefaultHttpRequest(decodeResult: success, version: HTTP/1.1)
POST /session/c5efd7ac8a1e3d8f8a87919b08fbcbdd/element/e057fae4-1a4d-458e-9b7b-584079999d97/element HTTP/1.1
User-Agent: selenium/4.0.0-alpha-7 (java windows)
Content-Length: 97
Content-Type: application/json; charset=utf-8
host: localhost:47013
accept: */*

Response DefaultHttpResponse(decodeResult: success, version: HTTP/1.1)
HTTP/1.1 200 OK
Content-Length: 88
Content-Type: application/json; charset=utf-8
cache-control: no-cache
 
5273 [AsyncHttpClient-1-2] DEBUG o.a.netty.channel.ChannelManager - Adding key: http://localhost:47013 for channel [id: 0x2dd8e79a, L:/127.0.0.1:49544 - R:localhost/127.0.0.1:47013] 
5291 [Forwarding getElementAttribute on session c5efd7ac8a1e3d8f8a87919b08fbcbdd to remote] DEBUG o.a.n.request.NettyRequestSender - Using pooled Channel '[id: 0x2dd8e79a, L:/127.0.0.1:49544 - R:localhost/127.0.0.1:47013]' for 'POST' to 'http://localhost:47013/session/c5efd7ac8a1e3d8f8a87919b08fbcbdd/execute/sync' 
5291 [Forwarding getElementAttribute on session c5efd7ac8a1e3d8f8a87919b08fbcbdd to remote] DEBUG o.a.n.request.NettyRequestSender - Using open Channel [id: 0x2dd8e79a, L:/127.0.0.1:49544 - R:localhost/127.0.0.1:47013] for POST '/session/c5efd7ac8a1e3d8f8a87919b08fbcbdd/execute/sync' 
5292 [AsyncHttpClient-1-2] DEBUG o.a.netty.handler.HttpHandler - 

Request DefaultHttpRequest(decodeResult: success, version: HTTP/1.1)
POST /session/c5efd7ac8a1e3d8f8a87919b08fbcbdd/execute/sync HTTP/1.1
User-Agent: selenium/4.0.0-alpha-7 (java windows)
Content-Length: 48527
Content-Type: application/json; charset=utf-8
host: localhost:47013
accept: */*

Response DefaultHttpResponse(decodeResult: success, version: HTTP/1.1)
HTTP/1.1 200 OK
Content-Length: 14
Content-Type: application/json; charset=utf-8
cache-control: no-cache
 
5292 [AsyncHttpClient-1-2] DEBUG o.a.netty.channel.ChannelManager - Adding key: http://localhost:47013 for channel [id: 0x2dd8e79a, L:/127.0.0.1:49544 - R:localhost/127.0.0.1:47013] 
5292 [Forwarding getElementText on session c5efd7ac8a1e3d8f8a87919b08fbcbdd to remote] DEBUG o.a.n.request.NettyRequestSender - Using pooled Channel '[id: 0x2dd8e79a, L:/127.0.0.1:49544 - R:localhost/127.0.0.1:47013]' for 'GET' to 'http://localhost:47013/session/c5efd7ac8a1e3d8f8a87919b08fbcbdd/element/45ce3e7a-b2dd-4a75-ab03-df939ef47126/text' 
5292 [Forwarding getElementText on session c5efd7ac8a1e3d8f8a87919b08fbcbdd to remote] DEBUG o.a.n.request.NettyRequestSender - Using open Channel [id: 0x2dd8e79a, L:/127.0.0.1:49544 - R:localhost/127.0.0.1:47013] for GET '/session/c5efd7ac8a1e3d8f8a87919b08fbcbdd/element/45ce3e7a-b2dd-4a75-ab03-df939ef47126/text' 
5308 [AsyncHttpClient-1-2] DEBUG o.a.netty.handler.HttpHandler - 

Request DefaultFullHttpRequest(decodeResult: success, version: HTTP/1.1, content: EmptyByteBufBE)
GET /session/c5efd7ac8a1e3d8f8a87919b08fbcbdd/element/45ce3e7a-b2dd-4a75-ab03-df939ef47126/text HTTP/1.1
User-Agent: selenium/4.0.0-alpha-7 (java windows)
Cache-Control: no-cache
Content-Type: application/json; charset=utf-8
host: localhost:47013
accept: */*

Response DefaultHttpResponse(decodeResult: success, version: HTTP/1.1)
HTTP/1.1 200 OK
Content-Length: 24
Content-Type: application/json; charset=utf-8
cache-control: no-cache
 
5308 [AsyncHttpClient-1-2] DEBUG o.a.netty.channel.ChannelManager - Adding key: http://localhost:47013 for channel [id: 0x2dd8e79a, L:/127.0.0.1:49544 - R:localhost/127.0.0.1:47013] 
5308 [Forwarding getElementText on session c5efd7ac8a1e3d8f8a87919b08fbcbdd to remote] DEBUG o.a.n.request.NettyRequestSender - Using pooled Channel '[id: 0x2dd8e79a, L:/127.0.0.1:49544 - R:localhost/127.0.0.1:47013]' for 'GET' to 'http://localhost:47013/session/c5efd7ac8a1e3d8f8a87919b08fbcbdd/element/f2f198d7-7313-41be-b5ad-bf0ef4c2848b/text' 
5308 [Forwarding getElementText on session c5efd7ac8a1e3d8f8a87919b08fbcbdd to remote] DEBUG o.a.n.request.NettyRequestSender - Using open Channel [id: 0x2dd8e79a, L:/127.0.0.1:49544 - R:localhost/127.0.0.1:47013] for GET '/session/c5efd7ac8a1e3d8f8a87919b08fbcbdd/element/f2f198d7-7313-41be-b5ad-bf0ef4c2848b/text' 
5323 [AsyncHttpClient-1-2] DEBUG o.a.netty.handler.HttpHandler - 

Request DefaultFullHttpRequest(decodeResult: success, version: HTTP/1.1, content: EmptyByteBufBE)
GET /session/c5efd7ac8a1e3d8f8a87919b08fbcbdd/element/f2f198d7-7313-41be-b5ad-bf0ef4c2848b/text HTTP/1.1
User-Agent: selenium/4.0.0-alpha-7 (java windows)
Cache-Control: no-cache
Content-Type: application/json; charset=utf-8
host: localhost:47013
accept: */*

Response DefaultHttpResponse(decodeResult: success, version: HTTP/1.1)
HTTP/1.1 200 OK
Content-Length: 21
Content-Type: application/json; charset=utf-8
cache-control: no-cache
 
5323 [AsyncHttpClient-1-2] DEBUG o.a.netty.channel.ChannelManager - Adding key: http://localhost:47013 for channel [id: 0x2dd8e79a, L:/127.0.0.1:49544 - R:localhost/127.0.0.1:47013] 
5323 [Forwarding getElementText on session c5efd7ac8a1e3d8f8a87919b08fbcbdd to remote] DEBUG o.a.n.request.NettyRequestSender - Using pooled Channel '[id: 0x2dd8e79a, L:/127.0.0.1:49544 - R:localhost/127.0.0.1:47013]' for 'GET' to 'http://localhost:47013/session/c5efd7ac8a1e3d8f8a87919b08fbcbdd/element/5dbae6bf-cfc6-4f86-9990-ee73ecf36613/text' 
5323 [Forwarding getElementText on session c5efd7ac8a1e3d8f8a87919b08fbcbdd to remote] DEBUG o.a.n.request.NettyRequestSender - Using open Channel [id: 0x2dd8e79a, L:/127.0.0.1:49544 - R:localhost/127.0.0.1:47013] for GET '/session/c5efd7ac8a1e3d8f8a87919b08fbcbdd/element/5dbae6bf-cfc6-4f86-9990-ee73ecf36613/text' 
5339 [AsyncHttpClient-1-2] DEBUG o.a.netty.handler.HttpHandler - 

Request DefaultFullHttpRequest(decodeResult: success, version: HTTP/1.1, content: EmptyByteBufBE)
GET /session/c5efd7ac8a1e3d8f8a87919b08fbcbdd/element/5dbae6bf-cfc6-4f86-9990-ee73ecf36613/text HTTP/1.1
User-Agent: selenium/4.0.0-alpha-7 (java windows)
Cache-Control: no-cache
Content-Type: application/json; charset=utf-8
host: localhost:47013
accept: */*

Response DefaultHttpResponse(decodeResult: success, version: HTTP/1.1)
HTTP/1.1 200 OK
Content-Length: 12
Content-Type: application/json; charset=utf-8
cache-control: no-cache
 
5339 [AsyncHttpClient-1-2] DEBUG o.a.netty.channel.ChannelManager - Adding key: http://localhost:47013 for channel [id: 0x2dd8e79a, L:/127.0.0.1:49544 - R:localhost/127.0.0.1:47013] 
5339 [Forwarding findChildElements on session c5efd7ac8a1e3d8f8a87919b08fbcbdd to remote] DEBUG o.a.n.request.NettyRequestSender - Using pooled Channel '[id: 0x2dd8e79a, L:/127.0.0.1:49544 - R:localhost/127.0.0.1:47013]' for 'POST' to 'http://localhost:47013/session/c5efd7ac8a1e3d8f8a87919b08fbcbdd/element/099221be-9fe8-4036-a174-e816f80ea8ed/elements' 
5339 [Forwarding findChildElements on session c5efd7ac8a1e3d8f8a87919b08fbcbdd to remote] DEBUG o.a.n.request.NettyRequestSender - Using open Channel [id: 0x2dd8e79a, L:/127.0.0.1:49544 - R:localhost/127.0.0.1:47013] for POST '/session/c5efd7ac8a1e3d8f8a87919b08fbcbdd/element/099221be-9fe8-4036-a174-e816f80ea8ed/elements' 
5355 [AsyncHttpClient-1-2] DEBUG o.a.netty.handler.HttpHandler - 

Request DefaultHttpRequest(decodeResult: success, version: HTTP/1.1)
POST /session/c5efd7ac8a1e3d8f8a87919b08fbcbdd/element/099221be-9fe8-4036-a174-e816f80ea8ed/elements HTTP/1.1
User-Agent: selenium/4.0.0-alpha-7 (java windows)
Content-Length: 94
Content-Type: application/json; charset=utf-8
host: localhost:47013
accept: */*

Response DefaultHttpResponse(decodeResult: success, version: HTTP/1.1)
HTTP/1.1 200 OK
Content-Length: 801
Content-Type: application/json; charset=utf-8
cache-control: no-cache
 
5355 [AsyncHttpClient-1-2] DEBUG o.a.netty.channel.ChannelManager - Adding key: http://localhost:47013 for channel [id: 0x2dd8e79a, L:/127.0.0.1:49544 - R:localhost/127.0.0.1:47013] 
5355 [Forwarding findChildElement on session c5efd7ac8a1e3d8f8a87919b08fbcbdd to remote] DEBUG o.a.n.request.NettyRequestSender - Using pooled Channel '[id: 0x2dd8e79a, L:/127.0.0.1:49544 - R:localhost/127.0.0.1:47013]' for 'POST' to 'http://localhost:47013/session/c5efd7ac8a1e3d8f8a87919b08fbcbdd/element/5f243528-82d4-4f0e-bdb9-90d4bb063ed3/element' 
5355 [Forwarding findChildElement on session c5efd7ac8a1e3d8f8a87919b08fbcbdd to remote] DEBUG o.a.n.request.NettyRequestSender - Using open Channel [id: 0x2dd8e79a, L:/127.0.0.1:49544 - R:localhost/127.0.0.1:47013] for POST '/session/c5efd7ac8a1e3d8f8a87919b08fbcbdd/element/5f243528-82d4-4f0e-bdb9-90d4bb063ed3/element' 
5370 [AsyncHttpClient-1-2] DEBUG o.a.netty.handler.HttpHandler - 

Request DefaultHttpRequest(decodeResult: success, version: HTTP/1.1)
POST /session/c5efd7ac8a1e3d8f8a87919b08fbcbdd/element/5f243528-82d4-4f0e-bdb9-90d4bb063ed3/element HTTP/1.1
User-Agent: selenium/4.0.0-alpha-7 (java windows)
Content-Length: 97
Content-Type: application/json; charset=utf-8
host: localhost:47013
accept: */*

Response DefaultHttpResponse(decodeResult: success, version: HTTP/1.1)
HTTP/1.1 200 OK
Content-Length: 88
Content-Type: application/json; charset=utf-8
cache-control: no-cache
 
5370 [AsyncHttpClient-1-2] DEBUG o.a.netty.channel.ChannelManager - Adding key: http://localhost:47013 for channel [id: 0x2dd8e79a, L:/127.0.0.1:49544 - R:localhost/127.0.0.1:47013] 
5370 [Forwarding getElementAttribute on session c5efd7ac8a1e3d8f8a87919b08fbcbdd to remote] DEBUG o.a.n.request.NettyRequestSender - Using pooled Channel '[id: 0x2dd8e79a, L:/127.0.0.1:49544 - R:localhost/127.0.0.1:47013]' for 'POST' to 'http://localhost:47013/session/c5efd7ac8a1e3d8f8a87919b08fbcbdd/execute/sync' 
5370 [Forwarding getElementAttribute on session c5efd7ac8a1e3d8f8a87919b08fbcbdd to remote] DEBUG o.a.n.request.NettyRequestSender - Using open Channel [id: 0x2dd8e79a, L:/127.0.0.1:49544 - R:localhost/127.0.0.1:47013] for POST '/session/c5efd7ac8a1e3d8f8a87919b08fbcbdd/execute/sync' 
5386 [AsyncHttpClient-1-2] DEBUG o.a.netty.handler.HttpHandler - 

Request DefaultHttpRequest(decodeResult: success, version: HTTP/1.1)
POST /session/c5efd7ac8a1e3d8f8a87919b08fbcbdd/execute/sync HTTP/1.1
User-Agent: selenium/4.0.0-alpha-7 (java windows)
Content-Length: 48527
Content-Type: application/json; charset=utf-8
host: localhost:47013
accept: */*

Response DefaultHttpResponse(decodeResult: success, version: HTTP/1.1)
HTTP/1.1 200 OK
Content-Length: 14
Content-Type: application/json; charset=utf-8
cache-control: no-cache
 
5386 [AsyncHttpClient-1-2] DEBUG o.a.netty.channel.ChannelManager - Adding key: http://localhost:47013 for channel [id: 0x2dd8e79a, L:/127.0.0.1:49544 - R:localhost/127.0.0.1:47013] 
5386 [Forwarding getElementText on session c5efd7ac8a1e3d8f8a87919b08fbcbdd to remote] DEBUG o.a.n.request.NettyRequestSender - Using pooled Channel '[id: 0x2dd8e79a, L:/127.0.0.1:49544 - R:localhost/127.0.0.1:47013]' for 'GET' to 'http://localhost:47013/session/c5efd7ac8a1e3d8f8a87919b08fbcbdd/element/ecccd7b9-5d68-45d0-b871-ac3bc339c85c/text' 
5386 [Forwarding getElementText on session c5efd7ac8a1e3d8f8a87919b08fbcbdd to remote] DEBUG o.a.n.request.NettyRequestSender - Using open Channel [id: 0x2dd8e79a, L:/127.0.0.1:49544 - R:localhost/127.0.0.1:47013] for GET '/session/c5efd7ac8a1e3d8f8a87919b08fbcbdd/element/ecccd7b9-5d68-45d0-b871-ac3bc339c85c/text' 
5386 [AsyncHttpClient-1-2] DEBUG o.a.netty.handler.HttpHandler - 

Request DefaultFullHttpRequest(decodeResult: success, version: HTTP/1.1, content: EmptyByteBufBE)
GET /session/c5efd7ac8a1e3d8f8a87919b08fbcbdd/element/ecccd7b9-5d68-45d0-b871-ac3bc339c85c/text HTTP/1.1
User-Agent: selenium/4.0.0-alpha-7 (java windows)
Cache-Control: no-cache
Content-Type: application/json; charset=utf-8
host: localhost:47013
accept: */*

Response DefaultHttpResponse(decodeResult: success, version: HTTP/1.1)
HTTP/1.1 200 OK
Content-Length: 24
Content-Type: application/json; charset=utf-8
cache-control: no-cache
 
5401 [AsyncHttpClient-1-2] DEBUG o.a.netty.channel.ChannelManager - Adding key: http://localhost:47013 for channel [id: 0x2dd8e79a, L:/127.0.0.1:49544 - R:localhost/127.0.0.1:47013] 
5402 [Forwarding getElementText on session c5efd7ac8a1e3d8f8a87919b08fbcbdd to remote] DEBUG o.a.n.request.NettyRequestSender - Using pooled Channel '[id: 0x2dd8e79a, L:/127.0.0.1:49544 - R:localhost/127.0.0.1:47013]' for 'GET' to 'http://localhost:47013/session/c5efd7ac8a1e3d8f8a87919b08fbcbdd/element/17e7545d-4d41-4466-b9e5-34234b8d6664/text' 
5402 [Forwarding getElementText on session c5efd7ac8a1e3d8f8a87919b08fbcbdd to remote] DEBUG o.a.n.request.NettyRequestSender - Using open Channel [id: 0x2dd8e79a, L:/127.0.0.1:49544 - R:localhost/127.0.0.1:47013] for GET '/session/c5efd7ac8a1e3d8f8a87919b08fbcbdd/element/17e7545d-4d41-4466-b9e5-34234b8d6664/text' 
5402 [AsyncHttpClient-1-2] DEBUG o.a.netty.handler.HttpHandler - 

Request DefaultFullHttpRequest(decodeResult: success, version: HTTP/1.1, content: EmptyByteBufBE)
GET /session/c5efd7ac8a1e3d8f8a87919b08fbcbdd/element/17e7545d-4d41-4466-b9e5-34234b8d6664/text HTTP/1.1
User-Agent: selenium/4.0.0-alpha-7 (java windows)
Cache-Control: no-cache
Content-Type: application/json; charset=utf-8
host: localhost:47013
accept: */*

Response DefaultHttpResponse(decodeResult: success, version: HTTP/1.1)
HTTP/1.1 200 OK
Content-Length: 21
Content-Type: application/json; charset=utf-8
cache-control: no-cache
 
5402 [AsyncHttpClient-1-2] DEBUG o.a.netty.channel.ChannelManager - Adding key: http://localhost:47013 for channel [id: 0x2dd8e79a, L:/127.0.0.1:49544 - R:localhost/127.0.0.1:47013] 
5402 [Forwarding getElementText on session c5efd7ac8a1e3d8f8a87919b08fbcbdd to remote] DEBUG o.a.n.request.NettyRequestSender - Using pooled Channel '[id: 0x2dd8e79a, L:/127.0.0.1:49544 - R:localhost/127.0.0.1:47013]' for 'GET' to 'http://localhost:47013/session/c5efd7ac8a1e3d8f8a87919b08fbcbdd/element/3811a1c0-7ca9-4204-a57e-eaea6cbcca1a/text' 
5402 [Forwarding getElementText on session c5efd7ac8a1e3d8f8a87919b08fbcbdd to remote] DEBUG o.a.n.request.NettyRequestSender - Using open Channel [id: 0x2dd8e79a, L:/127.0.0.1:49544 - R:localhost/127.0.0.1:47013] for GET '/session/c5efd7ac8a1e3d8f8a87919b08fbcbdd/element/3811a1c0-7ca9-4204-a57e-eaea6cbcca1a/text' 
5418 [AsyncHttpClient-1-2] DEBUG o.a.netty.handler.HttpHandler - 

Request DefaultFullHttpRequest(decodeResult: success, version: HTTP/1.1, content: EmptyByteBufBE)
GET /session/c5efd7ac8a1e3d8f8a87919b08fbcbdd/element/3811a1c0-7ca9-4204-a57e-eaea6cbcca1a/text HTTP/1.1
User-Agent: selenium/4.0.0-alpha-7 (java windows)
Cache-Control: no-cache
Content-Type: application/json; charset=utf-8
host: localhost:47013
accept: */*

Response DefaultHttpResponse(decodeResult: success, version: HTTP/1.1)
HTTP/1.1 200 OK
Content-Length: 12
Content-Type: application/json; charset=utf-8
cache-control: no-cache
 
5418 [AsyncHttpClient-1-2] DEBUG o.a.netty.channel.ChannelManager - Adding key: http://localhost:47013 for channel [id: 0x2dd8e79a, L:/127.0.0.1:49544 - R:localhost/127.0.0.1:47013] 
5418 [Forwarding findChildElements on session c5efd7ac8a1e3d8f8a87919b08fbcbdd to remote] DEBUG o.a.n.request.NettyRequestSender - Using pooled Channel '[id: 0x2dd8e79a, L:/127.0.0.1:49544 - R:localhost/127.0.0.1:47013]' for 'POST' to 'http://localhost:47013/session/c5efd7ac8a1e3d8f8a87919b08fbcbdd/element/a7a06596-a3d6-4d45-9ed7-12a56a77b946/elements' 
5418 [Forwarding findChildElements on session c5efd7ac8a1e3d8f8a87919b08fbcbdd to remote] DEBUG o.a.n.request.NettyRequestSender - Using open Channel [id: 0x2dd8e79a, L:/127.0.0.1:49544 - R:localhost/127.0.0.1:47013] for POST '/session/c5efd7ac8a1e3d8f8a87919b08fbcbdd/element/a7a06596-a3d6-4d45-9ed7-12a56a77b946/elements' 
5434 [AsyncHttpClient-1-2] DEBUG o.a.netty.handler.HttpHandler - 

Request DefaultHttpRequest(decodeResult: success, version: HTTP/1.1)
POST /session/c5efd7ac8a1e3d8f8a87919b08fbcbdd/element/a7a06596-a3d6-4d45-9ed7-12a56a77b946/elements HTTP/1.1
User-Agent: selenium/4.0.0-alpha-7 (java windows)
Content-Length: 94
Content-Type: application/json; charset=utf-8
host: localhost:47013
accept: */*

Response DefaultHttpResponse(decodeResult: success, version: HTTP/1.1)
HTTP/1.1 200 OK
Content-Length: 801
Content-Type: application/json; charset=utf-8
cache-control: no-cache
 
5434 [AsyncHttpClient-1-2] DEBUG o.a.netty.channel.ChannelManager - Adding key: http://localhost:47013 for channel [id: 0x2dd8e79a, L:/127.0.0.1:49544 - R:localhost/127.0.0.1:47013] 
5434 [Forwarding findChildElement on session c5efd7ac8a1e3d8f8a87919b08fbcbdd to remote] DEBUG o.a.n.request.NettyRequestSender - Using pooled Channel '[id: 0x2dd8e79a, L:/127.0.0.1:49544 - R:localhost/127.0.0.1:47013]' for 'POST' to 'http://localhost:47013/session/c5efd7ac8a1e3d8f8a87919b08fbcbdd/element/caa91598-eb39-4b52-8d99-21fc0dde7e4d/element' 
5434 [Forwarding findChildElement on session c5efd7ac8a1e3d8f8a87919b08fbcbdd to remote] DEBUG o.a.n.request.NettyRequestSender - Using open Channel [id: 0x2dd8e79a, L:/127.0.0.1:49544 - R:localhost/127.0.0.1:47013] for POST '/session/c5efd7ac8a1e3d8f8a87919b08fbcbdd/element/caa91598-eb39-4b52-8d99-21fc0dde7e4d/element' 
5449 [AsyncHttpClient-1-2] DEBUG o.a.netty.handler.HttpHandler - 

Request DefaultHttpRequest(decodeResult: success, version: HTTP/1.1)
POST /session/c5efd7ac8a1e3d8f8a87919b08fbcbdd/element/caa91598-eb39-4b52-8d99-21fc0dde7e4d/element HTTP/1.1
User-Agent: selenium/4.0.0-alpha-7 (java windows)
Content-Length: 97
Content-Type: application/json; charset=utf-8
host: localhost:47013
accept: */*

Response DefaultHttpResponse(decodeResult: success, version: HTTP/1.1)
HTTP/1.1 200 OK
Content-Length: 88
Content-Type: application/json; charset=utf-8
cache-control: no-cache
 
5449 [AsyncHttpClient-1-2] DEBUG o.a.netty.channel.ChannelManager - Adding key: http://localhost:47013 for channel [id: 0x2dd8e79a, L:/127.0.0.1:49544 - R:localhost/127.0.0.1:47013] 
5449 [Forwarding getElementAttribute on session c5efd7ac8a1e3d8f8a87919b08fbcbdd to remote] DEBUG o.a.n.request.NettyRequestSender - Using pooled Channel '[id: 0x2dd8e79a, L:/127.0.0.1:49544 - R:localhost/127.0.0.1:47013]' for 'POST' to 'http://localhost:47013/session/c5efd7ac8a1e3d8f8a87919b08fbcbdd/execute/sync' 
5449 [Forwarding getElementAttribute on session c5efd7ac8a1e3d8f8a87919b08fbcbdd to remote] DEBUG o.a.n.request.NettyRequestSender - Using open Channel [id: 0x2dd8e79a, L:/127.0.0.1:49544 - R:localhost/127.0.0.1:47013] for POST '/session/c5efd7ac8a1e3d8f8a87919b08fbcbdd/execute/sync' 
5465 [AsyncHttpClient-1-2] DEBUG o.a.netty.handler.HttpHandler - 

Request DefaultHttpRequest(decodeResult: success, version: HTTP/1.1)
POST /session/c5efd7ac8a1e3d8f8a87919b08fbcbdd/execute/sync HTTP/1.1
User-Agent: selenium/4.0.0-alpha-7 (java windows)
Content-Length: 48527
Content-Type: application/json; charset=utf-8
host: localhost:47013
accept: */*

Response DefaultHttpResponse(decodeResult: success, version: HTTP/1.1)
HTTP/1.1 200 OK
Content-Length: 14
Content-Type: application/json; charset=utf-8
cache-control: no-cache
 
5465 [AsyncHttpClient-1-2] DEBUG o.a.netty.channel.ChannelManager - Adding key: http://localhost:47013 for channel [id: 0x2dd8e79a, L:/127.0.0.1:49544 - R:localhost/127.0.0.1:47013] 
5465 [Forwarding getElementText on session c5efd7ac8a1e3d8f8a87919b08fbcbdd to remote] DEBUG o.a.n.request.NettyRequestSender - Using pooled Channel '[id: 0x2dd8e79a, L:/127.0.0.1:49544 - R:localhost/127.0.0.1:47013]' for 'GET' to 'http://localhost:47013/session/c5efd7ac8a1e3d8f8a87919b08fbcbdd/element/a2fe76bd-98e6-4849-b0f5-3abf12a37b0b/text' 
5465 [Forwarding getElementText on session c5efd7ac8a1e3d8f8a87919b08fbcbdd to remote] DEBUG o.a.n.request.NettyRequestSender - Using open Channel [id: 0x2dd8e79a, L:/127.0.0.1:49544 - R:localhost/127.0.0.1:47013] for GET '/session/c5efd7ac8a1e3d8f8a87919b08fbcbdd/element/a2fe76bd-98e6-4849-b0f5-3abf12a37b0b/text' 
5465 [AsyncHttpClient-1-2] DEBUG o.a.netty.handler.HttpHandler - 

Request DefaultFullHttpRequest(decodeResult: success, version: HTTP/1.1, content: EmptyByteBufBE)
GET /session/c5efd7ac8a1e3d8f8a87919b08fbcbdd/element/a2fe76bd-98e6-4849-b0f5-3abf12a37b0b/text HTTP/1.1
User-Agent: selenium/4.0.0-alpha-7 (java windows)
Cache-Control: no-cache
Content-Type: application/json; charset=utf-8
host: localhost:47013
accept: */*

Response DefaultHttpResponse(decodeResult: success, version: HTTP/1.1)
HTTP/1.1 200 OK
Content-Length: 24
Content-Type: application/json; charset=utf-8
cache-control: no-cache
 
5465 [AsyncHttpClient-1-2] DEBUG o.a.netty.channel.ChannelManager - Adding key: http://localhost:47013 for channel [id: 0x2dd8e79a, L:/127.0.0.1:49544 - R:localhost/127.0.0.1:47013] 
5465 [Forwarding getElementText on session c5efd7ac8a1e3d8f8a87919b08fbcbdd to remote] DEBUG o.a.n.request.NettyRequestSender - Using pooled Channel '[id: 0x2dd8e79a, L:/127.0.0.1:49544 - R:localhost/127.0.0.1:47013]' for 'GET' to 'http://localhost:47013/session/c5efd7ac8a1e3d8f8a87919b08fbcbdd/element/730e51c9-a616-483a-8b72-eee44e05d703/text' 
5465 [Forwarding getElementText on session c5efd7ac8a1e3d8f8a87919b08fbcbdd to remote] DEBUG o.a.n.request.NettyRequestSender - Using open Channel [id: 0x2dd8e79a, L:/127.0.0.1:49544 - R:localhost/127.0.0.1:47013] for GET '/session/c5efd7ac8a1e3d8f8a87919b08fbcbdd/element/730e51c9-a616-483a-8b72-eee44e05d703/text' 
5480 [AsyncHttpClient-1-2] DEBUG o.a.netty.handler.HttpHandler - 

Request DefaultFullHttpRequest(decodeResult: success, version: HTTP/1.1, content: EmptyByteBufBE)
GET /session/c5efd7ac8a1e3d8f8a87919b08fbcbdd/element/730e51c9-a616-483a-8b72-eee44e05d703/text HTTP/1.1
User-Agent: selenium/4.0.0-alpha-7 (java windows)
Cache-Control: no-cache
Content-Type: application/json; charset=utf-8
host: localhost:47013
accept: */*

Response DefaultHttpResponse(decodeResult: success, version: HTTP/1.1)
HTTP/1.1 200 OK
Content-Length: 21
Content-Type: application/json; charset=utf-8
cache-control: no-cache
 
5480 [AsyncHttpClient-1-2] DEBUG o.a.netty.channel.ChannelManager - Adding key: http://localhost:47013 for channel [id: 0x2dd8e79a, L:/127.0.0.1:49544 - R:localhost/127.0.0.1:47013] 
5496 [Forwarding getElementText on session c5efd7ac8a1e3d8f8a87919b08fbcbdd to remote] DEBUG o.a.n.request.NettyRequestSender - Using pooled Channel '[id: 0x2dd8e79a, L:/127.0.0.1:49544 - R:localhost/127.0.0.1:47013]' for 'GET' to 'http://localhost:47013/session/c5efd7ac8a1e3d8f8a87919b08fbcbdd/element/bf4f7a74-c359-4a9a-8847-f7446546e4ab/text' 
5496 [Forwarding getElementText on session c5efd7ac8a1e3d8f8a87919b08fbcbdd to remote] DEBUG o.a.n.request.NettyRequestSender - Using open Channel [id: 0x2dd8e79a, L:/127.0.0.1:49544 - R:localhost/127.0.0.1:47013] for GET '/session/c5efd7ac8a1e3d8f8a87919b08fbcbdd/element/bf4f7a74-c359-4a9a-8847-f7446546e4ab/text' 
5496 [AsyncHttpClient-1-2] DEBUG o.a.netty.handler.HttpHandler - 

Request DefaultFullHttpRequest(decodeResult: success, version: HTTP/1.1, content: EmptyByteBufBE)
GET /session/c5efd7ac8a1e3d8f8a87919b08fbcbdd/element/bf4f7a74-c359-4a9a-8847-f7446546e4ab/text HTTP/1.1
User-Agent: selenium/4.0.0-alpha-7 (java windows)
Cache-Control: no-cache
Content-Type: application/json; charset=utf-8
host: localhost:47013
accept: */*

Response DefaultHttpResponse(decodeResult: success, version: HTTP/1.1)
HTTP/1.1 200 OK
Content-Length: 12
Content-Type: application/json; charset=utf-8
cache-control: no-cache
 
5496 [AsyncHttpClient-1-2] DEBUG o.a.netty.channel.ChannelManager - Adding key: http://localhost:47013 for channel [id: 0x2dd8e79a, L:/127.0.0.1:49544 - R:localhost/127.0.0.1:47013] 
5496 [Forwarding findChildElements on session c5efd7ac8a1e3d8f8a87919b08fbcbdd to remote] DEBUG o.a.n.request.NettyRequestSender - Using pooled Channel '[id: 0x2dd8e79a, L:/127.0.0.1:49544 - R:localhost/127.0.0.1:47013]' for 'POST' to 'http://localhost:47013/session/c5efd7ac8a1e3d8f8a87919b08fbcbdd/element/0f1c30d8-695b-4b96-9f49-14e42af454b9/elements' 
5496 [Forwarding findChildElements on session c5efd7ac8a1e3d8f8a87919b08fbcbdd to remote] DEBUG o.a.n.request.NettyRequestSender - Using open Channel [id: 0x2dd8e79a, L:/127.0.0.1:49544 - R:localhost/127.0.0.1:47013] for POST '/session/c5efd7ac8a1e3d8f8a87919b08fbcbdd/element/0f1c30d8-695b-4b96-9f49-14e42af454b9/elements' 
5512 [AsyncHttpClient-1-2] DEBUG o.a.netty.handler.HttpHandler - 

Request DefaultHttpRequest(decodeResult: success, version: HTTP/1.1)
POST /session/c5efd7ac8a1e3d8f8a87919b08fbcbdd/element/0f1c30d8-695b-4b96-9f49-14e42af454b9/elements HTTP/1.1
User-Agent: selenium/4.0.0-alpha-7 (java windows)
Content-Length: 94
Content-Type: application/json; charset=utf-8
host: localhost:47013
accept: */*

Response DefaultHttpResponse(decodeResult: success, version: HTTP/1.1)
HTTP/1.1 200 OK
Content-Length: 801
Content-Type: application/json; charset=utf-8
cache-control: no-cache
 
5512 [AsyncHttpClient-1-2] DEBUG o.a.netty.channel.ChannelManager - Adding key: http://localhost:47013 for channel [id: 0x2dd8e79a, L:/127.0.0.1:49544 - R:localhost/127.0.0.1:47013] 
5512 [Forwarding findChildElement on session c5efd7ac8a1e3d8f8a87919b08fbcbdd to remote] DEBUG o.a.n.request.NettyRequestSender - Using pooled Channel '[id: 0x2dd8e79a, L:/127.0.0.1:49544 - R:localhost/127.0.0.1:47013]' for 'POST' to 'http://localhost:47013/session/c5efd7ac8a1e3d8f8a87919b08fbcbdd/element/2a7863ff-0a2a-434b-b9df-75a5414bb052/element' 
5512 [Forwarding findChildElement on session c5efd7ac8a1e3d8f8a87919b08fbcbdd to remote] DEBUG o.a.n.request.NettyRequestSender - Using open Channel [id: 0x2dd8e79a, L:/127.0.0.1:49544 - R:localhost/127.0.0.1:47013] for POST '/session/c5efd7ac8a1e3d8f8a87919b08fbcbdd/element/2a7863ff-0a2a-434b-b9df-75a5414bb052/element' 
5527 [AsyncHttpClient-1-2] DEBUG o.a.netty.handler.HttpHandler - 

Request DefaultHttpRequest(decodeResult: success, version: HTTP/1.1)
POST /session/c5efd7ac8a1e3d8f8a87919b08fbcbdd/element/2a7863ff-0a2a-434b-b9df-75a5414bb052/element HTTP/1.1
User-Agent: selenium/4.0.0-alpha-7 (java windows)
Content-Length: 97
Content-Type: application/json; charset=utf-8
host: localhost:47013
accept: */*

Response DefaultHttpResponse(decodeResult: success, version: HTTP/1.1)
HTTP/1.1 200 OK
Content-Length: 88
Content-Type: application/json; charset=utf-8
cache-control: no-cache
 
5527 [AsyncHttpClient-1-2] DEBUG o.a.netty.channel.ChannelManager - Adding key: http://localhost:47013 for channel [id: 0x2dd8e79a, L:/127.0.0.1:49544 - R:localhost/127.0.0.1:47013] 
5527 [Forwarding getElementAttribute on session c5efd7ac8a1e3d8f8a87919b08fbcbdd to remote] DEBUG o.a.n.request.NettyRequestSender - Using pooled Channel '[id: 0x2dd8e79a, L:/127.0.0.1:49544 - R:localhost/127.0.0.1:47013]' for 'POST' to 'http://localhost:47013/session/c5efd7ac8a1e3d8f8a87919b08fbcbdd/execute/sync' 
5527 [Forwarding getElementAttribute on session c5efd7ac8a1e3d8f8a87919b08fbcbdd to remote] DEBUG o.a.n.request.NettyRequestSender - Using open Channel [id: 0x2dd8e79a, L:/127.0.0.1:49544 - R:localhost/127.0.0.1:47013] for POST '/session/c5efd7ac8a1e3d8f8a87919b08fbcbdd/execute/sync' 
5543 [AsyncHttpClient-1-2] DEBUG o.a.netty.handler.HttpHandler - 

Request DefaultHttpRequest(decodeResult: success, version: HTTP/1.1)
POST /session/c5efd7ac8a1e3d8f8a87919b08fbcbdd/execute/sync HTTP/1.1
User-Agent: selenium/4.0.0-alpha-7 (java windows)
Content-Length: 48527
Content-Type: application/json; charset=utf-8
host: localhost:47013
accept: */*

Response DefaultHttpResponse(decodeResult: success, version: HTTP/1.1)
HTTP/1.1 200 OK
Content-Length: 14
Content-Type: application/json; charset=utf-8
cache-control: no-cache
 
5543 [AsyncHttpClient-1-2] DEBUG o.a.netty.channel.ChannelManager - Adding key: http://localhost:47013 for channel [id: 0x2dd8e79a, L:/127.0.0.1:49544 - R:localhost/127.0.0.1:47013] 
5543 [Forwarding getElementText on session c5efd7ac8a1e3d8f8a87919b08fbcbdd to remote] DEBUG o.a.n.request.NettyRequestSender - Using pooled Channel '[id: 0x2dd8e79a, L:/127.0.0.1:49544 - R:localhost/127.0.0.1:47013]' for 'GET' to 'http://localhost:47013/session/c5efd7ac8a1e3d8f8a87919b08fbcbdd/element/792b7ac9-d9d5-4b84-ac8b-4afb26c66522/text' 
5543 [Forwarding getElementText on session c5efd7ac8a1e3d8f8a87919b08fbcbdd to remote] DEBUG o.a.n.request.NettyRequestSender - Using open Channel [id: 0x2dd8e79a, L:/127.0.0.1:49544 - R:localhost/127.0.0.1:47013] for GET '/session/c5efd7ac8a1e3d8f8a87919b08fbcbdd/element/792b7ac9-d9d5-4b84-ac8b-4afb26c66522/text' 
5558 [AsyncHttpClient-1-2] DEBUG o.a.netty.handler.HttpHandler - 

Request DefaultFullHttpRequest(decodeResult: success, version: HTTP/1.1, content: EmptyByteBufBE)
GET /session/c5efd7ac8a1e3d8f8a87919b08fbcbdd/element/792b7ac9-d9d5-4b84-ac8b-4afb26c66522/text HTTP/1.1
User-Agent: selenium/4.0.0-alpha-7 (java windows)
Cache-Control: no-cache
Content-Type: application/json; charset=utf-8
host: localhost:47013
accept: */*

Response DefaultHttpResponse(decodeResult: success, version: HTTP/1.1)
HTTP/1.1 200 OK
Content-Length: 24
Content-Type: application/json; charset=utf-8
cache-control: no-cache
 
5558 [AsyncHttpClient-1-2] DEBUG o.a.netty.channel.ChannelManager - Adding key: http://localhost:47013 for channel [id: 0x2dd8e79a, L:/127.0.0.1:49544 - R:localhost/127.0.0.1:47013] 
5558 [Forwarding getElementText on session c5efd7ac8a1e3d8f8a87919b08fbcbdd to remote] DEBUG o.a.n.request.NettyRequestSender - Using pooled Channel '[id: 0x2dd8e79a, L:/127.0.0.1:49544 - R:localhost/127.0.0.1:47013]' for 'GET' to 'http://localhost:47013/session/c5efd7ac8a1e3d8f8a87919b08fbcbdd/element/5daa7720-3e59-4bf3-8fdd-9f0fc9364f54/text' 
5558 [Forwarding getElementText on session c5efd7ac8a1e3d8f8a87919b08fbcbdd to remote] DEBUG o.a.n.request.NettyRequestSender - Using open Channel [id: 0x2dd8e79a, L:/127.0.0.1:49544 - R:localhost/127.0.0.1:47013] for GET '/session/c5efd7ac8a1e3d8f8a87919b08fbcbdd/element/5daa7720-3e59-4bf3-8fdd-9f0fc9364f54/text' 
5574 [AsyncHttpClient-1-2] DEBUG o.a.netty.handler.HttpHandler - 

Request DefaultFullHttpRequest(decodeResult: success, version: HTTP/1.1, content: EmptyByteBufBE)
GET /session/c5efd7ac8a1e3d8f8a87919b08fbcbdd/element/5daa7720-3e59-4bf3-8fdd-9f0fc9364f54/text HTTP/1.1
User-Agent: selenium/4.0.0-alpha-7 (java windows)
Cache-Control: no-cache
Content-Type: application/json; charset=utf-8
host: localhost:47013
accept: */*

Response DefaultHttpResponse(decodeResult: success, version: HTTP/1.1)
HTTP/1.1 200 OK
Content-Length: 21
Content-Type: application/json; charset=utf-8
cache-control: no-cache
 
5574 [AsyncHttpClient-1-2] DEBUG o.a.netty.channel.ChannelManager - Adding key: http://localhost:47013 for channel [id: 0x2dd8e79a, L:/127.0.0.1:49544 - R:localhost/127.0.0.1:47013] 
5574 [Forwarding getElementText on session c5efd7ac8a1e3d8f8a87919b08fbcbdd to remote] DEBUG o.a.n.request.NettyRequestSender - Using pooled Channel '[id: 0x2dd8e79a, L:/127.0.0.1:49544 - R:localhost/127.0.0.1:47013]' for 'GET' to 'http://localhost:47013/session/c5efd7ac8a1e3d8f8a87919b08fbcbdd/element/830f7088-1c64-4b99-90cd-3cc9fc22ea7d/text' 
5574 [Forwarding getElementText on session c5efd7ac8a1e3d8f8a87919b08fbcbdd to remote] DEBUG o.a.n.request.NettyRequestSender - Using open Channel [id: 0x2dd8e79a, L:/127.0.0.1:49544 - R:localhost/127.0.0.1:47013] for GET '/session/c5efd7ac8a1e3d8f8a87919b08fbcbdd/element/830f7088-1c64-4b99-90cd-3cc9fc22ea7d/text' 
5590 [AsyncHttpClient-1-2] DEBUG o.a.netty.handler.HttpHandler - 

Request DefaultFullHttpRequest(decodeResult: success, version: HTTP/1.1, content: EmptyByteBufBE)
GET /session/c5efd7ac8a1e3d8f8a87919b08fbcbdd/element/830f7088-1c64-4b99-90cd-3cc9fc22ea7d/text HTTP/1.1
User-Agent: selenium/4.0.0-alpha-7 (java windows)
Cache-Control: no-cache
Content-Type: application/json; charset=utf-8
host: localhost:47013
accept: */*

Response DefaultHttpResponse(decodeResult: success, version: HTTP/1.1)
HTTP/1.1 200 OK
Content-Length: 12
Content-Type: application/json; charset=utf-8
cache-control: no-cache
 
5590 [AsyncHttpClient-1-2] DEBUG o.a.netty.channel.ChannelManager - Adding key: http://localhost:47013 for channel [id: 0x2dd8e79a, L:/127.0.0.1:49544 - R:localhost/127.0.0.1:47013] 
5590 [Forwarding findChildElements on session c5efd7ac8a1e3d8f8a87919b08fbcbdd to remote] DEBUG o.a.n.request.NettyRequestSender - Using pooled Channel '[id: 0x2dd8e79a, L:/127.0.0.1:49544 - R:localhost/127.0.0.1:47013]' for 'POST' to 'http://localhost:47013/session/c5efd7ac8a1e3d8f8a87919b08fbcbdd/element/4c30ba2d-a930-467b-bc6a-6e108df75d5a/elements' 
5590 [Forwarding findChildElements on session c5efd7ac8a1e3d8f8a87919b08fbcbdd to remote] DEBUG o.a.n.request.NettyRequestSender - Using open Channel [id: 0x2dd8e79a, L:/127.0.0.1:49544 - R:localhost/127.0.0.1:47013] for POST '/session/c5efd7ac8a1e3d8f8a87919b08fbcbdd/element/4c30ba2d-a930-467b-bc6a-6e108df75d5a/elements' 
5590 [AsyncHttpClient-1-2] DEBUG o.a.netty.handler.HttpHandler - 

Request DefaultHttpRequest(decodeResult: success, version: HTTP/1.1)
POST /session/c5efd7ac8a1e3d8f8a87919b08fbcbdd/element/4c30ba2d-a930-467b-bc6a-6e108df75d5a/elements HTTP/1.1
User-Agent: selenium/4.0.0-alpha-7 (java windows)
Content-Length: 94
Content-Type: application/json; charset=utf-8
host: localhost:47013
accept: */*

Response DefaultHttpResponse(decodeResult: success, version: HTTP/1.1)
HTTP/1.1 200 OK
Content-Length: 801
Content-Type: application/json; charset=utf-8
cache-control: no-cache
 
5590 [AsyncHttpClient-1-2] DEBUG o.a.netty.channel.ChannelManager - Adding key: http://localhost:47013 for channel [id: 0x2dd8e79a, L:/127.0.0.1:49544 - R:localhost/127.0.0.1:47013] 
5606 [Forwarding findChildElement on session c5efd7ac8a1e3d8f8a87919b08fbcbdd to remote] DEBUG o.a.n.request.NettyRequestSender - Using pooled Channel '[id: 0x2dd8e79a, L:/127.0.0.1:49544 - R:localhost/127.0.0.1:47013]' for 'POST' to 'http://localhost:47013/session/c5efd7ac8a1e3d8f8a87919b08fbcbdd/element/d8e31d85-80d9-4f4b-8968-db29cc275e1b/element' 
5606 [Forwarding findChildElement on session c5efd7ac8a1e3d8f8a87919b08fbcbdd to remote] DEBUG o.a.n.request.NettyRequestSender - Using open Channel [id: 0x2dd8e79a, L:/127.0.0.1:49544 - R:localhost/127.0.0.1:47013] for POST '/session/c5efd7ac8a1e3d8f8a87919b08fbcbdd/element/d8e31d85-80d9-4f4b-8968-db29cc275e1b/element' 
5606 [AsyncHttpClient-1-2] DEBUG o.a.netty.handler.HttpHandler - 

Request DefaultHttpRequest(decodeResult: success, version: HTTP/1.1)
POST /session/c5efd7ac8a1e3d8f8a87919b08fbcbdd/element/d8e31d85-80d9-4f4b-8968-db29cc275e1b/element HTTP/1.1
User-Agent: selenium/4.0.0-alpha-7 (java windows)
Content-Length: 97
Content-Type: application/json; charset=utf-8
host: localhost:47013
accept: */*

Response DefaultHttpResponse(decodeResult: success, version: HTTP/1.1)
HTTP/1.1 200 OK
Content-Length: 88
Content-Type: application/json; charset=utf-8
cache-control: no-cache
 
5606 [AsyncHttpClient-1-2] DEBUG o.a.netty.channel.ChannelManager - Adding key: http://localhost:47013 for channel [id: 0x2dd8e79a, L:/127.0.0.1:49544 - R:localhost/127.0.0.1:47013] 
5606 [Forwarding getElementAttribute on session c5efd7ac8a1e3d8f8a87919b08fbcbdd to remote] DEBUG o.a.n.request.NettyRequestSender - Using pooled Channel '[id: 0x2dd8e79a, L:/127.0.0.1:49544 - R:localhost/127.0.0.1:47013]' for 'POST' to 'http://localhost:47013/session/c5efd7ac8a1e3d8f8a87919b08fbcbdd/execute/sync' 
5606 [Forwarding getElementAttribute on session c5efd7ac8a1e3d8f8a87919b08fbcbdd to remote] DEBUG o.a.n.request.NettyRequestSender - Using open Channel [id: 0x2dd8e79a, L:/127.0.0.1:49544 - R:localhost/127.0.0.1:47013] for POST '/session/c5efd7ac8a1e3d8f8a87919b08fbcbdd/execute/sync' 
5622 [AsyncHttpClient-1-2] DEBUG o.a.netty.handler.HttpHandler - 

Request DefaultHttpRequest(decodeResult: success, version: HTTP/1.1)
POST /session/c5efd7ac8a1e3d8f8a87919b08fbcbdd/execute/sync HTTP/1.1
User-Agent: selenium/4.0.0-alpha-7 (java windows)
Content-Length: 48527
Content-Type: application/json; charset=utf-8
host: localhost:47013
accept: */*

Response DefaultHttpResponse(decodeResult: success, version: HTTP/1.1)
HTTP/1.1 200 OK
Content-Length: 14
Content-Type: application/json; charset=utf-8
cache-control: no-cache
 
5622 [AsyncHttpClient-1-2] DEBUG o.a.netty.channel.ChannelManager - Adding key: http://localhost:47013 for channel [id: 0x2dd8e79a, L:/127.0.0.1:49544 - R:localhost/127.0.0.1:47013] 
5622 [Forwarding getElementText on session c5efd7ac8a1e3d8f8a87919b08fbcbdd to remote] DEBUG o.a.n.request.NettyRequestSender - Using pooled Channel '[id: 0x2dd8e79a, L:/127.0.0.1:49544 - R:localhost/127.0.0.1:47013]' for 'GET' to 'http://localhost:47013/session/c5efd7ac8a1e3d8f8a87919b08fbcbdd/element/c9703577-2204-4d58-a72f-166dcc5128ea/text' 
5622 [Forwarding getElementText on session c5efd7ac8a1e3d8f8a87919b08fbcbdd to remote] DEBUG o.a.n.request.NettyRequestSender - Using open Channel [id: 0x2dd8e79a, L:/127.0.0.1:49544 - R:localhost/127.0.0.1:47013] for GET '/session/c5efd7ac8a1e3d8f8a87919b08fbcbdd/element/c9703577-2204-4d58-a72f-166dcc5128ea/text' 
5637 [AsyncHttpClient-1-2] DEBUG o.a.netty.handler.HttpHandler - 

Request DefaultFullHttpRequest(decodeResult: success, version: HTTP/1.1, content: EmptyByteBufBE)
GET /session/c5efd7ac8a1e3d8f8a87919b08fbcbdd/element/c9703577-2204-4d58-a72f-166dcc5128ea/text HTTP/1.1
User-Agent: selenium/4.0.0-alpha-7 (java windows)
Cache-Control: no-cache
Content-Type: application/json; charset=utf-8
host: localhost:47013
accept: */*

Response DefaultHttpResponse(decodeResult: success, version: HTTP/1.1)
HTTP/1.1 200 OK
Content-Length: 24
Content-Type: application/json; charset=utf-8
cache-control: no-cache
 
5637 [AsyncHttpClient-1-2] DEBUG o.a.netty.channel.ChannelManager - Adding key: http://localhost:47013 for channel [id: 0x2dd8e79a, L:/127.0.0.1:49544 - R:localhost/127.0.0.1:47013] 
5637 [Forwarding getElementText on session c5efd7ac8a1e3d8f8a87919b08fbcbdd to remote] DEBUG o.a.n.request.NettyRequestSender - Using pooled Channel '[id: 0x2dd8e79a, L:/127.0.0.1:49544 - R:localhost/127.0.0.1:47013]' for 'GET' to 'http://localhost:47013/session/c5efd7ac8a1e3d8f8a87919b08fbcbdd/element/7fbea074-cb3c-4d70-9463-cb44b0961684/text' 
5637 [Forwarding getElementText on session c5efd7ac8a1e3d8f8a87919b08fbcbdd to remote] DEBUG o.a.n.request.NettyRequestSender - Using open Channel [id: 0x2dd8e79a, L:/127.0.0.1:49544 - R:localhost/127.0.0.1:47013] for GET '/session/c5efd7ac8a1e3d8f8a87919b08fbcbdd/element/7fbea074-cb3c-4d70-9463-cb44b0961684/text' 
5653 [AsyncHttpClient-1-2] DEBUG o.a.netty.handler.HttpHandler - 

Request DefaultFullHttpRequest(decodeResult: success, version: HTTP/1.1, content: EmptyByteBufBE)
GET /session/c5efd7ac8a1e3d8f8a87919b08fbcbdd/element/7fbea074-cb3c-4d70-9463-cb44b0961684/text HTTP/1.1
User-Agent: selenium/4.0.0-alpha-7 (java windows)
Cache-Control: no-cache
Content-Type: application/json; charset=utf-8
host: localhost:47013
accept: */*

Response DefaultHttpResponse(decodeResult: success, version: HTTP/1.1)
HTTP/1.1 200 OK
Content-Length: 21
Content-Type: application/json; charset=utf-8
cache-control: no-cache
 
5653 [AsyncHttpClient-1-2] DEBUG o.a.netty.channel.ChannelManager - Adding key: http://localhost:47013 for channel [id: 0x2dd8e79a, L:/127.0.0.1:49544 - R:localhost/127.0.0.1:47013] 
5653 [Forwarding getElementText on session c5efd7ac8a1e3d8f8a87919b08fbcbdd to remote] DEBUG o.a.n.request.NettyRequestSender - Using pooled Channel '[id: 0x2dd8e79a, L:/127.0.0.1:49544 - R:localhost/127.0.0.1:47013]' for 'GET' to 'http://localhost:47013/session/c5efd7ac8a1e3d8f8a87919b08fbcbdd/element/c8614664-75e2-46b1-a497-9ae48970bf57/text' 
5653 [Forwarding getElementText on session c5efd7ac8a1e3d8f8a87919b08fbcbdd to remote] DEBUG o.a.n.request.NettyRequestSender - Using open Channel [id: 0x2dd8e79a, L:/127.0.0.1:49544 - R:localhost/127.0.0.1:47013] for GET '/session/c5efd7ac8a1e3d8f8a87919b08fbcbdd/element/c8614664-75e2-46b1-a497-9ae48970bf57/text' 
5669 [AsyncHttpClient-1-2] DEBUG o.a.netty.handler.HttpHandler - 

Request DefaultFullHttpRequest(decodeResult: success, version: HTTP/1.1, content: EmptyByteBufBE)
GET /session/c5efd7ac8a1e3d8f8a87919b08fbcbdd/element/c8614664-75e2-46b1-a497-9ae48970bf57/text HTTP/1.1
User-Agent: selenium/4.0.0-alpha-7 (java windows)
Cache-Control: no-cache
Content-Type: application/json; charset=utf-8
host: localhost:47013
accept: */*

Response DefaultHttpResponse(decodeResult: success, version: HTTP/1.1)
HTTP/1.1 200 OK
Content-Length: 12
Content-Type: application/json; charset=utf-8
cache-control: no-cache
 
5669 [AsyncHttpClient-1-2] DEBUG o.a.netty.channel.ChannelManager - Adding key: http://localhost:47013 for channel [id: 0x2dd8e79a, L:/127.0.0.1:49544 - R:localhost/127.0.0.1:47013] 
5669 [Forwarding findChildElements on session c5efd7ac8a1e3d8f8a87919b08fbcbdd to remote] DEBUG o.a.n.request.NettyRequestSender - Using pooled Channel '[id: 0x2dd8e79a, L:/127.0.0.1:49544 - R:localhost/127.0.0.1:47013]' for 'POST' to 'http://localhost:47013/session/c5efd7ac8a1e3d8f8a87919b08fbcbdd/element/68d48274-9f65-4dbd-8116-312a9e824ac7/elements' 
5669 [Forwarding findChildElements on session c5efd7ac8a1e3d8f8a87919b08fbcbdd to remote] DEBUG o.a.n.request.NettyRequestSender - Using open Channel [id: 0x2dd8e79a, L:/127.0.0.1:49544 - R:localhost/127.0.0.1:47013] for POST '/session/c5efd7ac8a1e3d8f8a87919b08fbcbdd/element/68d48274-9f65-4dbd-8116-312a9e824ac7/elements' 
5669 [AsyncHttpClient-1-2] DEBUG o.a.netty.handler.HttpHandler - 

Request DefaultHttpRequest(decodeResult: success, version: HTTP/1.1)
POST /session/c5efd7ac8a1e3d8f8a87919b08fbcbdd/element/68d48274-9f65-4dbd-8116-312a9e824ac7/elements HTTP/1.1
User-Agent: selenium/4.0.0-alpha-7 (java windows)
Content-Length: 94
Content-Type: application/json; charset=utf-8
host: localhost:47013
accept: */*

Response DefaultHttpResponse(decodeResult: success, version: HTTP/1.1)
HTTP/1.1 200 OK
Content-Length: 801
Content-Type: application/json; charset=utf-8
cache-control: no-cache
 
5669 [AsyncHttpClient-1-2] DEBUG o.a.netty.channel.ChannelManager - Adding key: http://localhost:47013 for channel [id: 0x2dd8e79a, L:/127.0.0.1:49544 - R:localhost/127.0.0.1:47013] 
5669 [Forwarding findChildElement on session c5efd7ac8a1e3d8f8a87919b08fbcbdd to remote] DEBUG o.a.n.request.NettyRequestSender - Using pooled Channel '[id: 0x2dd8e79a, L:/127.0.0.1:49544 - R:localhost/127.0.0.1:47013]' for 'POST' to 'http://localhost:47013/session/c5efd7ac8a1e3d8f8a87919b08fbcbdd/element/13b8881a-e3ae-4060-bce2-3c97f76e59cc/element' 
5669 [Forwarding findChildElement on session c5efd7ac8a1e3d8f8a87919b08fbcbdd to remote] DEBUG o.a.n.request.NettyRequestSender - Using open Channel [id: 0x2dd8e79a, L:/127.0.0.1:49544 - R:localhost/127.0.0.1:47013] for POST '/session/c5efd7ac8a1e3d8f8a87919b08fbcbdd/element/13b8881a-e3ae-4060-bce2-3c97f76e59cc/element' 
5684 [AsyncHttpClient-1-2] DEBUG o.a.netty.handler.HttpHandler - 

Request DefaultHttpRequest(decodeResult: success, version: HTTP/1.1)
POST /session/c5efd7ac8a1e3d8f8a87919b08fbcbdd/element/13b8881a-e3ae-4060-bce2-3c97f76e59cc/element HTTP/1.1
User-Agent: selenium/4.0.0-alpha-7 (java windows)
Content-Length: 97
Content-Type: application/json; charset=utf-8
host: localhost:47013
accept: */*

Response DefaultHttpResponse(decodeResult: success, version: HTTP/1.1)
HTTP/1.1 200 OK
Content-Length: 88
Content-Type: application/json; charset=utf-8
cache-control: no-cache
 
5684 [AsyncHttpClient-1-2] DEBUG o.a.netty.channel.ChannelManager - Adding key: http://localhost:47013 for channel [id: 0x2dd8e79a, L:/127.0.0.1:49544 - R:localhost/127.0.0.1:47013] 
5684 [Forwarding getElementAttribute on session c5efd7ac8a1e3d8f8a87919b08fbcbdd to remote] DEBUG o.a.n.request.NettyRequestSender - Using pooled Channel '[id: 0x2dd8e79a, L:/127.0.0.1:49544 - R:localhost/127.0.0.1:47013]' for 'POST' to 'http://localhost:47013/session/c5efd7ac8a1e3d8f8a87919b08fbcbdd/execute/sync' 
5684 [Forwarding getElementAttribute on session c5efd7ac8a1e3d8f8a87919b08fbcbdd to remote] DEBUG o.a.n.request.NettyRequestSender - Using open Channel [id: 0x2dd8e79a, L:/127.0.0.1:49544 - R:localhost/127.0.0.1:47013] for POST '/session/c5efd7ac8a1e3d8f8a87919b08fbcbdd/execute/sync' 
5700 [AsyncHttpClient-1-2] DEBUG o.a.netty.handler.HttpHandler - 

Request DefaultHttpRequest(decodeResult: success, version: HTTP/1.1)
POST /session/c5efd7ac8a1e3d8f8a87919b08fbcbdd/execute/sync HTTP/1.1
User-Agent: selenium/4.0.0-alpha-7 (java windows)
Content-Length: 48527
Content-Type: application/json; charset=utf-8
host: localhost:47013
accept: */*

Response DefaultHttpResponse(decodeResult: success, version: HTTP/1.1)
HTTP/1.1 200 OK
Content-Length: 14
Content-Type: application/json; charset=utf-8
cache-control: no-cache
 
5700 [AsyncHttpClient-1-2] DEBUG o.a.netty.channel.ChannelManager - Adding key: http://localhost:47013 for channel [id: 0x2dd8e79a, L:/127.0.0.1:49544 - R:localhost/127.0.0.1:47013] 
5700 [Forwarding getElementText on session c5efd7ac8a1e3d8f8a87919b08fbcbdd to remote] DEBUG o.a.n.request.NettyRequestSender - Using pooled Channel '[id: 0x2dd8e79a, L:/127.0.0.1:49544 - R:localhost/127.0.0.1:47013]' for 'GET' to 'http://localhost:47013/session/c5efd7ac8a1e3d8f8a87919b08fbcbdd/element/109443be-1294-4a35-b780-76fe76a639f8/text' 
5700 [Forwarding getElementText on session c5efd7ac8a1e3d8f8a87919b08fbcbdd to remote] DEBUG o.a.n.request.NettyRequestSender - Using open Channel [id: 0x2dd8e79a, L:/127.0.0.1:49544 - R:localhost/127.0.0.1:47013] for GET '/session/c5efd7ac8a1e3d8f8a87919b08fbcbdd/element/109443be-1294-4a35-b780-76fe76a639f8/text' 
5715 [AsyncHttpClient-1-2] DEBUG o.a.netty.handler.HttpHandler - 

Request DefaultFullHttpRequest(decodeResult: success, version: HTTP/1.1, content: EmptyByteBufBE)
GET /session/c5efd7ac8a1e3d8f8a87919b08fbcbdd/element/109443be-1294-4a35-b780-76fe76a639f8/text HTTP/1.1
User-Agent: selenium/4.0.0-alpha-7 (java windows)
Cache-Control: no-cache
Content-Type: application/json; charset=utf-8
host: localhost:47013
accept: */*

Response DefaultHttpResponse(decodeResult: success, version: HTTP/1.1)
HTTP/1.1 200 OK
Content-Length: 24
Content-Type: application/json; charset=utf-8
cache-control: no-cache
 
5715 [AsyncHttpClient-1-2] DEBUG o.a.netty.channel.ChannelManager - Adding key: http://localhost:47013 for channel [id: 0x2dd8e79a, L:/127.0.0.1:49544 - R:localhost/127.0.0.1:47013] 
5715 [Forwarding getElementText on session c5efd7ac8a1e3d8f8a87919b08fbcbdd to remote] DEBUG o.a.n.request.NettyRequestSender - Using pooled Channel '[id: 0x2dd8e79a, L:/127.0.0.1:49544 - R:localhost/127.0.0.1:47013]' for 'GET' to 'http://localhost:47013/session/c5efd7ac8a1e3d8f8a87919b08fbcbdd/element/b657a831-4a4a-4043-9c52-0e828c23357f/text' 
5715 [Forwarding getElementText on session c5efd7ac8a1e3d8f8a87919b08fbcbdd to remote] DEBUG o.a.n.request.NettyRequestSender - Using open Channel [id: 0x2dd8e79a, L:/127.0.0.1:49544 - R:localhost/127.0.0.1:47013] for GET '/session/c5efd7ac8a1e3d8f8a87919b08fbcbdd/element/b657a831-4a4a-4043-9c52-0e828c23357f/text' 
5734 [AsyncHttpClient-1-2] DEBUG o.a.netty.handler.HttpHandler - 

Request DefaultFullHttpRequest(decodeResult: success, version: HTTP/1.1, content: EmptyByteBufBE)
GET /session/c5efd7ac8a1e3d8f8a87919b08fbcbdd/element/b657a831-4a4a-4043-9c52-0e828c23357f/text HTTP/1.1
User-Agent: selenium/4.0.0-alpha-7 (java windows)
Cache-Control: no-cache
Content-Type: application/json; charset=utf-8
host: localhost:47013
accept: */*

Response DefaultHttpResponse(decodeResult: success, version: HTTP/1.1)
HTTP/1.1 200 OK
Content-Length: 21
Content-Type: application/json; charset=utf-8
cache-control: no-cache
 
5734 [AsyncHttpClient-1-2] DEBUG o.a.netty.channel.ChannelManager - Adding key: http://localhost:47013 for channel [id: 0x2dd8e79a, L:/127.0.0.1:49544 - R:localhost/127.0.0.1:47013] 
5735 [Forwarding getElementText on session c5efd7ac8a1e3d8f8a87919b08fbcbdd to remote] DEBUG o.a.n.request.NettyRequestSender - Using pooled Channel '[id: 0x2dd8e79a, L:/127.0.0.1:49544 - R:localhost/127.0.0.1:47013]' for 'GET' to 'http://localhost:47013/session/c5efd7ac8a1e3d8f8a87919b08fbcbdd/element/62d15306-f6f7-4eef-baff-0909a9bc4acc/text' 
5735 [Forwarding getElementText on session c5efd7ac8a1e3d8f8a87919b08fbcbdd to remote] DEBUG o.a.n.request.NettyRequestSender - Using open Channel [id: 0x2dd8e79a, L:/127.0.0.1:49544 - R:localhost/127.0.0.1:47013] for GET '/session/c5efd7ac8a1e3d8f8a87919b08fbcbdd/element/62d15306-f6f7-4eef-baff-0909a9bc4acc/text' 
5740 [AsyncHttpClient-1-2] DEBUG o.a.netty.handler.HttpHandler - 

Request DefaultFullHttpRequest(decodeResult: success, version: HTTP/1.1, content: EmptyByteBufBE)
GET /session/c5efd7ac8a1e3d8f8a87919b08fbcbdd/element/62d15306-f6f7-4eef-baff-0909a9bc4acc/text HTTP/1.1
User-Agent: selenium/4.0.0-alpha-7 (java windows)
Cache-Control: no-cache
Content-Type: application/json; charset=utf-8
host: localhost:47013
accept: */*

Response DefaultHttpResponse(decodeResult: success, version: HTTP/1.1)
HTTP/1.1 200 OK
Content-Length: 12
Content-Type: application/json; charset=utf-8
cache-control: no-cache
 
5740 [AsyncHttpClient-1-2] DEBUG o.a.netty.channel.ChannelManager - Adding key: http://localhost:47013 for channel [id: 0x2dd8e79a, L:/127.0.0.1:49544 - R:localhost/127.0.0.1:47013] 
5740 [Forwarding findChildElements on session c5efd7ac8a1e3d8f8a87919b08fbcbdd to remote] DEBUG o.a.n.request.NettyRequestSender - Using pooled Channel '[id: 0x2dd8e79a, L:/127.0.0.1:49544 - R:localhost/127.0.0.1:47013]' for 'POST' to 'http://localhost:47013/session/c5efd7ac8a1e3d8f8a87919b08fbcbdd/element/087420cd-d100-4b27-9e90-30b028e76db0/elements' 
5740 [Forwarding findChildElements on session c5efd7ac8a1e3d8f8a87919b08fbcbdd to remote] DEBUG o.a.n.request.NettyRequestSender - Using open Channel [id: 0x2dd8e79a, L:/127.0.0.1:49544 - R:localhost/127.0.0.1:47013] for POST '/session/c5efd7ac8a1e3d8f8a87919b08fbcbdd/element/087420cd-d100-4b27-9e90-30b028e76db0/elements' 
5756 [AsyncHttpClient-1-2] DEBUG o.a.netty.handler.HttpHandler - 

Request DefaultHttpRequest(decodeResult: success, version: HTTP/1.1)
POST /session/c5efd7ac8a1e3d8f8a87919b08fbcbdd/element/087420cd-d100-4b27-9e90-30b028e76db0/elements HTTP/1.1
User-Agent: selenium/4.0.0-alpha-7 (java windows)
Content-Length: 94
Content-Type: application/json; charset=utf-8
host: localhost:47013
accept: */*

Response DefaultHttpResponse(decodeResult: success, version: HTTP/1.1)
HTTP/1.1 200 OK
Content-Length: 801
Content-Type: application/json; charset=utf-8
cache-control: no-cache
 
5756 [AsyncHttpClient-1-2] DEBUG o.a.netty.channel.ChannelManager - Adding key: http://localhost:47013 for channel [id: 0x2dd8e79a, L:/127.0.0.1:49544 - R:localhost/127.0.0.1:47013] 
5756 [Forwarding findChildElement on session c5efd7ac8a1e3d8f8a87919b08fbcbdd to remote] DEBUG o.a.n.request.NettyRequestSender - Using pooled Channel '[id: 0x2dd8e79a, L:/127.0.0.1:49544 - R:localhost/127.0.0.1:47013]' for 'POST' to 'http://localhost:47013/session/c5efd7ac8a1e3d8f8a87919b08fbcbdd/element/2ac8d101-c9c8-4326-8c3c-7708e8fb5c8f/element' 
5756 [Forwarding findChildElement on session c5efd7ac8a1e3d8f8a87919b08fbcbdd to remote] DEBUG o.a.n.request.NettyRequestSender - Using open Channel [id: 0x2dd8e79a, L:/127.0.0.1:49544 - R:localhost/127.0.0.1:47013] for POST '/session/c5efd7ac8a1e3d8f8a87919b08fbcbdd/element/2ac8d101-c9c8-4326-8c3c-7708e8fb5c8f/element' 
5771 [AsyncHttpClient-1-2] DEBUG o.a.netty.handler.HttpHandler - 

Request DefaultHttpRequest(decodeResult: success, version: HTTP/1.1)
POST /session/c5efd7ac8a1e3d8f8a87919b08fbcbdd/element/2ac8d101-c9c8-4326-8c3c-7708e8fb5c8f/element HTTP/1.1
User-Agent: selenium/4.0.0-alpha-7 (java windows)
Content-Length: 97
Content-Type: application/json; charset=utf-8
host: localhost:47013
accept: */*

Response DefaultHttpResponse(decodeResult: success, version: HTTP/1.1)
HTTP/1.1 200 OK
Content-Length: 88
Content-Type: application/json; charset=utf-8
cache-control: no-cache
 
5771 [AsyncHttpClient-1-2] DEBUG o.a.netty.channel.ChannelManager - Adding key: http://localhost:47013 for channel [id: 0x2dd8e79a, L:/127.0.0.1:49544 - R:localhost/127.0.0.1:47013] 
5771 [Forwarding getElementAttribute on session c5efd7ac8a1e3d8f8a87919b08fbcbdd to remote] DEBUG o.a.n.request.NettyRequestSender - Using pooled Channel '[id: 0x2dd8e79a, L:/127.0.0.1:49544 - R:localhost/127.0.0.1:47013]' for 'POST' to 'http://localhost:47013/session/c5efd7ac8a1e3d8f8a87919b08fbcbdd/execute/sync' 
5771 [Forwarding getElementAttribute on session c5efd7ac8a1e3d8f8a87919b08fbcbdd to remote] DEBUG o.a.n.request.NettyRequestSender - Using open Channel [id: 0x2dd8e79a, L:/127.0.0.1:49544 - R:localhost/127.0.0.1:47013] for POST '/session/c5efd7ac8a1e3d8f8a87919b08fbcbdd/execute/sync' 
5787 [AsyncHttpClient-1-2] DEBUG o.a.netty.handler.HttpHandler - 

Request DefaultHttpRequest(decodeResult: success, version: HTTP/1.1)
POST /session/c5efd7ac8a1e3d8f8a87919b08fbcbdd/execute/sync HTTP/1.1
User-Agent: selenium/4.0.0-alpha-7 (java windows)
Content-Length: 48527
Content-Type: application/json; charset=utf-8
host: localhost:47013
accept: */*

Response DefaultHttpResponse(decodeResult: success, version: HTTP/1.1)
HTTP/1.1 200 OK
Content-Length: 14
Content-Type: application/json; charset=utf-8
cache-control: no-cache
 
5787 [AsyncHttpClient-1-2] DEBUG o.a.netty.channel.ChannelManager - Adding key: http://localhost:47013 for channel [id: 0x2dd8e79a, L:/127.0.0.1:49544 - R:localhost/127.0.0.1:47013] 
5787 [Forwarding getElementText on session c5efd7ac8a1e3d8f8a87919b08fbcbdd to remote] DEBUG o.a.n.request.NettyRequestSender - Using pooled Channel '[id: 0x2dd8e79a, L:/127.0.0.1:49544 - R:localhost/127.0.0.1:47013]' for 'GET' to 'http://localhost:47013/session/c5efd7ac8a1e3d8f8a87919b08fbcbdd/element/72f1ac1b-93f0-4e71-9189-69c5f9db680c/text' 
5787 [Forwarding getElementText on session c5efd7ac8a1e3d8f8a87919b08fbcbdd to remote] DEBUG o.a.n.request.NettyRequestSender - Using open Channel [id: 0x2dd8e79a, L:/127.0.0.1:49544 - R:localhost/127.0.0.1:47013] for GET '/session/c5efd7ac8a1e3d8f8a87919b08fbcbdd/element/72f1ac1b-93f0-4e71-9189-69c5f9db680c/text' 
5787 [AsyncHttpClient-1-2] DEBUG o.a.netty.handler.HttpHandler - 

Request DefaultFullHttpRequest(decodeResult: success, version: HTTP/1.1, content: EmptyByteBufBE)
GET /session/c5efd7ac8a1e3d8f8a87919b08fbcbdd/element/72f1ac1b-93f0-4e71-9189-69c5f9db680c/text HTTP/1.1
User-Agent: selenium/4.0.0-alpha-7 (java windows)
Cache-Control: no-cache
Content-Type: application/json; charset=utf-8
host: localhost:47013
accept: */*

Response DefaultHttpResponse(decodeResult: success, version: HTTP/1.1)
HTTP/1.1 200 OK
Content-Length: 24
Content-Type: application/json; charset=utf-8
cache-control: no-cache
 
5802 [AsyncHttpClient-1-2] DEBUG o.a.netty.channel.ChannelManager - Adding key: http://localhost:47013 for channel [id: 0x2dd8e79a, L:/127.0.0.1:49544 - R:localhost/127.0.0.1:47013] 
5802 [Forwarding getElementText on session c5efd7ac8a1e3d8f8a87919b08fbcbdd to remote] DEBUG o.a.n.request.NettyRequestSender - Using pooled Channel '[id: 0x2dd8e79a, L:/127.0.0.1:49544 - R:localhost/127.0.0.1:47013]' for 'GET' to 'http://localhost:47013/session/c5efd7ac8a1e3d8f8a87919b08fbcbdd/element/68f653fc-5a4c-48ab-8313-be530f6953fb/text' 
5802 [Forwarding getElementText on session c5efd7ac8a1e3d8f8a87919b08fbcbdd to remote] DEBUG o.a.n.request.NettyRequestSender - Using open Channel [id: 0x2dd8e79a, L:/127.0.0.1:49544 - R:localhost/127.0.0.1:47013] for GET '/session/c5efd7ac8a1e3d8f8a87919b08fbcbdd/element/68f653fc-5a4c-48ab-8313-be530f6953fb/text' 
5802 [AsyncHttpClient-1-2] DEBUG o.a.netty.handler.HttpHandler - 

Request DefaultFullHttpRequest(decodeResult: success, version: HTTP/1.1, content: EmptyByteBufBE)
GET /session/c5efd7ac8a1e3d8f8a87919b08fbcbdd/element/68f653fc-5a4c-48ab-8313-be530f6953fb/text HTTP/1.1
User-Agent: selenium/4.0.0-alpha-7 (java windows)
Cache-Control: no-cache
Content-Type: application/json; charset=utf-8
host: localhost:47013
accept: */*

Response DefaultHttpResponse(decodeResult: success, version: HTTP/1.1)
HTTP/1.1 200 OK
Content-Length: 21
Content-Type: application/json; charset=utf-8
cache-control: no-cache
 
5802 [AsyncHttpClient-1-2] DEBUG o.a.netty.channel.ChannelManager - Adding key: http://localhost:47013 for channel [id: 0x2dd8e79a, L:/127.0.0.1:49544 - R:localhost/127.0.0.1:47013] 
5802 [Forwarding getElementText on session c5efd7ac8a1e3d8f8a87919b08fbcbdd to remote] DEBUG o.a.n.request.NettyRequestSender - Using pooled Channel '[id: 0x2dd8e79a, L:/127.0.0.1:49544 - R:localhost/127.0.0.1:47013]' for 'GET' to 'http://localhost:47013/session/c5efd7ac8a1e3d8f8a87919b08fbcbdd/element/cddee65a-773c-4005-8ac2-09b84f27ca90/text' 
5802 [Forwarding getElementText on session c5efd7ac8a1e3d8f8a87919b08fbcbdd to remote] DEBUG o.a.n.request.NettyRequestSender - Using open Channel [id: 0x2dd8e79a, L:/127.0.0.1:49544 - R:localhost/127.0.0.1:47013] for GET '/session/c5efd7ac8a1e3d8f8a87919b08fbcbdd/element/cddee65a-773c-4005-8ac2-09b84f27ca90/text' 
5818 [AsyncHttpClient-1-2] DEBUG o.a.netty.handler.HttpHandler - 

Request DefaultFullHttpRequest(decodeResult: success, version: HTTP/1.1, content: EmptyByteBufBE)
GET /session/c5efd7ac8a1e3d8f8a87919b08fbcbdd/element/cddee65a-773c-4005-8ac2-09b84f27ca90/text HTTP/1.1
User-Agent: selenium/4.0.0-alpha-7 (java windows)
Cache-Control: no-cache
Content-Type: application/json; charset=utf-8
host: localhost:47013
accept: */*

Response DefaultHttpResponse(decodeResult: success, version: HTTP/1.1)
HTTP/1.1 200 OK
Content-Length: 12
Content-Type: application/json; charset=utf-8
cache-control: no-cache
 
5818 [AsyncHttpClient-1-2] DEBUG o.a.netty.channel.ChannelManager - Adding key: http://localhost:47013 for channel [id: 0x2dd8e79a, L:/127.0.0.1:49544 - R:localhost/127.0.0.1:47013] 
5818 [Forwarding findChildElements on session c5efd7ac8a1e3d8f8a87919b08fbcbdd to remote] DEBUG o.a.n.request.NettyRequestSender - Using pooled Channel '[id: 0x2dd8e79a, L:/127.0.0.1:49544 - R:localhost/127.0.0.1:47013]' for 'POST' to 'http://localhost:47013/session/c5efd7ac8a1e3d8f8a87919b08fbcbdd/element/d1046ed9-7578-4eaa-af93-ae370d454245/elements' 
5818 [Forwarding findChildElements on session c5efd7ac8a1e3d8f8a87919b08fbcbdd to remote] DEBUG o.a.n.request.NettyRequestSender - Using open Channel [id: 0x2dd8e79a, L:/127.0.0.1:49544 - R:localhost/127.0.0.1:47013] for POST '/session/c5efd7ac8a1e3d8f8a87919b08fbcbdd/element/d1046ed9-7578-4eaa-af93-ae370d454245/elements' 
5834 [AsyncHttpClient-1-2] DEBUG o.a.netty.handler.HttpHandler - 

Request DefaultHttpRequest(decodeResult: success, version: HTTP/1.1)
POST /session/c5efd7ac8a1e3d8f8a87919b08fbcbdd/element/d1046ed9-7578-4eaa-af93-ae370d454245/elements HTTP/1.1
User-Agent: selenium/4.0.0-alpha-7 (java windows)
Content-Length: 94
Content-Type: application/json; charset=utf-8
host: localhost:47013
accept: */*

Response DefaultHttpResponse(decodeResult: success, version: HTTP/1.1)
HTTP/1.1 200 OK
Content-Length: 801
Content-Type: application/json; charset=utf-8
cache-control: no-cache
 
5834 [AsyncHttpClient-1-2] DEBUG o.a.netty.channel.ChannelManager - Adding key: http://localhost:47013 for channel [id: 0x2dd8e79a, L:/127.0.0.1:49544 - R:localhost/127.0.0.1:47013] 
5834 [Forwarding findChildElement on session c5efd7ac8a1e3d8f8a87919b08fbcbdd to remote] DEBUG o.a.n.request.NettyRequestSender - Using pooled Channel '[id: 0x2dd8e79a, L:/127.0.0.1:49544 - R:localhost/127.0.0.1:47013]' for 'POST' to 'http://localhost:47013/session/c5efd7ac8a1e3d8f8a87919b08fbcbdd/element/b93da65e-4000-4cbc-85b7-73ea4b4542af/element' 
5834 [Forwarding findChildElement on session c5efd7ac8a1e3d8f8a87919b08fbcbdd to remote] DEBUG o.a.n.request.NettyRequestSender - Using open Channel [id: 0x2dd8e79a, L:/127.0.0.1:49544 - R:localhost/127.0.0.1:47013] for POST '/session/c5efd7ac8a1e3d8f8a87919b08fbcbdd/element/b93da65e-4000-4cbc-85b7-73ea4b4542af/element' 
5849 [AsyncHttpClient-1-2] DEBUG o.a.netty.handler.HttpHandler - 

Request DefaultHttpRequest(decodeResult: success, version: HTTP/1.1)
POST /session/c5efd7ac8a1e3d8f8a87919b08fbcbdd/element/b93da65e-4000-4cbc-85b7-73ea4b4542af/element HTTP/1.1
User-Agent: selenium/4.0.0-alpha-7 (java windows)
Content-Length: 97
Content-Type: application/json; charset=utf-8
host: localhost:47013
accept: */*

Response DefaultHttpResponse(decodeResult: success, version: HTTP/1.1)
HTTP/1.1 200 OK
Content-Length: 88
Content-Type: application/json; charset=utf-8
cache-control: no-cache
 
5849 [AsyncHttpClient-1-2] DEBUG o.a.netty.channel.ChannelManager - Adding key: http://localhost:47013 for channel [id: 0x2dd8e79a, L:/127.0.0.1:49544 - R:localhost/127.0.0.1:47013] 
5849 [Forwarding getElementAttribute on session c5efd7ac8a1e3d8f8a87919b08fbcbdd to remote] DEBUG o.a.n.request.NettyRequestSender - Using pooled Channel '[id: 0x2dd8e79a, L:/127.0.0.1:49544 - R:localhost/127.0.0.1:47013]' for 'POST' to 'http://localhost:47013/session/c5efd7ac8a1e3d8f8a87919b08fbcbdd/execute/sync' 
5849 [Forwarding getElementAttribute on session c5efd7ac8a1e3d8f8a87919b08fbcbdd to remote] DEBUG o.a.n.request.NettyRequestSender - Using open Channel [id: 0x2dd8e79a, L:/127.0.0.1:49544 - R:localhost/127.0.0.1:47013] for POST '/session/c5efd7ac8a1e3d8f8a87919b08fbcbdd/execute/sync' 
5865 [AsyncHttpClient-1-2] DEBUG o.a.netty.handler.HttpHandler - 

Request DefaultHttpRequest(decodeResult: success, version: HTTP/1.1)
POST /session/c5efd7ac8a1e3d8f8a87919b08fbcbdd/execute/sync HTTP/1.1
User-Agent: selenium/4.0.0-alpha-7 (java windows)
Content-Length: 48527
Content-Type: application/json; charset=utf-8
host: localhost:47013
accept: */*

Response DefaultHttpResponse(decodeResult: success, version: HTTP/1.1)
HTTP/1.1 200 OK
Content-Length: 14
Content-Type: application/json; charset=utf-8
cache-control: no-cache
 
5865 [AsyncHttpClient-1-2] DEBUG o.a.netty.channel.ChannelManager - Adding key: http://localhost:47013 for channel [id: 0x2dd8e79a, L:/127.0.0.1:49544 - R:localhost/127.0.0.1:47013] 
5865 [Forwarding getElementText on session c5efd7ac8a1e3d8f8a87919b08fbcbdd to remote] DEBUG o.a.n.request.NettyRequestSender - Using pooled Channel '[id: 0x2dd8e79a, L:/127.0.0.1:49544 - R:localhost/127.0.0.1:47013]' for 'GET' to 'http://localhost:47013/session/c5efd7ac8a1e3d8f8a87919b08fbcbdd/element/00a844e9-ef76-42e4-acc2-547cc7b6db84/text' 
5865 [Forwarding getElementText on session c5efd7ac8a1e3d8f8a87919b08fbcbdd to remote] DEBUG o.a.n.request.NettyRequestSender - Using open Channel [id: 0x2dd8e79a, L:/127.0.0.1:49544 - R:localhost/127.0.0.1:47013] for GET '/session/c5efd7ac8a1e3d8f8a87919b08fbcbdd/element/00a844e9-ef76-42e4-acc2-547cc7b6db84/text' 
5880 [AsyncHttpClient-1-1] DEBUG o.a.n.channel.DefaultChannelPool - Entry count for : http://localhost:49545 : 1 
5880 [AsyncHttpClient-1-2] DEBUG o.a.netty.handler.HttpHandler - 

Request DefaultFullHttpRequest(decodeResult: success, version: HTTP/1.1, content: EmptyByteBufBE)
GET /session/c5efd7ac8a1e3d8f8a87919b08fbcbdd/element/00a844e9-ef76-42e4-acc2-547cc7b6db84/text HTTP/1.1
User-Agent: selenium/4.0.0-alpha-7 (java windows)
Cache-Control: no-cache
Content-Type: application/json; charset=utf-8
host: localhost:47013
accept: */*

Response DefaultHttpResponse(decodeResult: success, version: HTTP/1.1)
HTTP/1.1 200 OK
Content-Length: 24
Content-Type: application/json; charset=utf-8
cache-control: no-cache
 
5880 [AsyncHttpClient-1-2] DEBUG o.a.netty.channel.ChannelManager - Adding key: http://localhost:47013 for channel [id: 0x2dd8e79a, L:/127.0.0.1:49544 - R:localhost/127.0.0.1:47013] 
5880 [Forwarding getElementText on session c5efd7ac8a1e3d8f8a87919b08fbcbdd to remote] DEBUG o.a.n.request.NettyRequestSender - Using pooled Channel '[id: 0x2dd8e79a, L:/127.0.0.1:49544 - R:localhost/127.0.0.1:47013]' for 'GET' to 'http://localhost:47013/session/c5efd7ac8a1e3d8f8a87919b08fbcbdd/element/ce0ab38e-37e8-4a11-92b4-670365bda0c9/text' 
5880 [Forwarding getElementText on session c5efd7ac8a1e3d8f8a87919b08fbcbdd to remote] DEBUG o.a.n.request.NettyRequestSender - Using open Channel [id: 0x2dd8e79a, L:/127.0.0.1:49544 - R:localhost/127.0.0.1:47013] for GET '/session/c5efd7ac8a1e3d8f8a87919b08fbcbdd/element/ce0ab38e-37e8-4a11-92b4-670365bda0c9/text' 
5896 [AsyncHttpClient-1-2] DEBUG o.a.netty.handler.HttpHandler - 

Request DefaultFullHttpRequest(decodeResult: success, version: HTTP/1.1, content: EmptyByteBufBE)
GET /session/c5efd7ac8a1e3d8f8a87919b08fbcbdd/element/ce0ab38e-37e8-4a11-92b4-670365bda0c9/text HTTP/1.1
User-Agent: selenium/4.0.0-alpha-7 (java windows)
Cache-Control: no-cache
Content-Type: application/json; charset=utf-8
host: localhost:47013
accept: */*

Response DefaultHttpResponse(decodeResult: success, version: HTTP/1.1)
HTTP/1.1 200 OK
Content-Length: 21
Content-Type: application/json; charset=utf-8
cache-control: no-cache
 
5896 [AsyncHttpClient-1-2] DEBUG o.a.netty.channel.ChannelManager - Adding key: http://localhost:47013 for channel [id: 0x2dd8e79a, L:/127.0.0.1:49544 - R:localhost/127.0.0.1:47013] 
5896 [Forwarding getElementText on session c5efd7ac8a1e3d8f8a87919b08fbcbdd to remote] DEBUG o.a.n.request.NettyRequestSender - Using pooled Channel '[id: 0x2dd8e79a, L:/127.0.0.1:49544 - R:localhost/127.0.0.1:47013]' for 'GET' to 'http://localhost:47013/session/c5efd7ac8a1e3d8f8a87919b08fbcbdd/element/10d5fec7-3331-4a58-b586-5b2122a97520/text' 
5896 [Forwarding getElementText on session c5efd7ac8a1e3d8f8a87919b08fbcbdd to remote] DEBUG o.a.n.request.NettyRequestSender - Using open Channel [id: 0x2dd8e79a, L:/127.0.0.1:49544 - R:localhost/127.0.0.1:47013] for GET '/session/c5efd7ac8a1e3d8f8a87919b08fbcbdd/element/10d5fec7-3331-4a58-b586-5b2122a97520/text' 
5912 [AsyncHttpClient-1-2] DEBUG o.a.netty.handler.HttpHandler - 

Request DefaultFullHttpRequest(decodeResult: success, version: HTTP/1.1, content: EmptyByteBufBE)
GET /session/c5efd7ac8a1e3d8f8a87919b08fbcbdd/element/10d5fec7-3331-4a58-b586-5b2122a97520/text HTTP/1.1
User-Agent: selenium/4.0.0-alpha-7 (java windows)
Cache-Control: no-cache
Content-Type: application/json; charset=utf-8
host: localhost:47013
accept: */*

Response DefaultHttpResponse(decodeResult: success, version: HTTP/1.1)
HTTP/1.1 200 OK
Content-Length: 12
Content-Type: application/json; charset=utf-8
cache-control: no-cache
 
5912 [AsyncHttpClient-1-2] DEBUG o.a.netty.channel.ChannelManager - Adding key: http://localhost:47013 for channel [id: 0x2dd8e79a, L:/127.0.0.1:49544 - R:localhost/127.0.0.1:47013] 
5912 [Forwarding findChildElements on session c5efd7ac8a1e3d8f8a87919b08fbcbdd to remote] DEBUG o.a.n.request.NettyRequestSender - Using pooled Channel '[id: 0x2dd8e79a, L:/127.0.0.1:49544 - R:localhost/127.0.0.1:47013]' for 'POST' to 'http://localhost:47013/session/c5efd7ac8a1e3d8f8a87919b08fbcbdd/element/144eecf6-6e30-46b8-8264-3a5a057a9c7d/elements' 
5912 [Forwarding findChildElements on session c5efd7ac8a1e3d8f8a87919b08fbcbdd to remote] DEBUG o.a.n.request.NettyRequestSender - Using open Channel [id: 0x2dd8e79a, L:/127.0.0.1:49544 - R:localhost/127.0.0.1:47013] for POST '/session/c5efd7ac8a1e3d8f8a87919b08fbcbdd/element/144eecf6-6e30-46b8-8264-3a5a057a9c7d/elements' 
5912 [AsyncHttpClient-1-2] DEBUG o.a.netty.handler.HttpHandler - 

Request DefaultHttpRequest(decodeResult: success, version: HTTP/1.1)
POST /session/c5efd7ac8a1e3d8f8a87919b08fbcbdd/element/144eecf6-6e30-46b8-8264-3a5a057a9c7d/elements HTTP/1.1
User-Agent: selenium/4.0.0-alpha-7 (java windows)
Content-Length: 94
Content-Type: application/json; charset=utf-8
host: localhost:47013
accept: */*

Response DefaultHttpResponse(decodeResult: success, version: HTTP/1.1)
HTTP/1.1 200 OK
Content-Length: 801
Content-Type: application/json; charset=utf-8
cache-control: no-cache
 
5912 [AsyncHttpClient-1-2] DEBUG o.a.netty.channel.ChannelManager - Adding key: http://localhost:47013 for channel [id: 0x2dd8e79a, L:/127.0.0.1:49544 - R:localhost/127.0.0.1:47013] 
5927 [Forwarding findChildElement on session c5efd7ac8a1e3d8f8a87919b08fbcbdd to remote] DEBUG o.a.n.request.NettyRequestSender - Using pooled Channel '[id: 0x2dd8e79a, L:/127.0.0.1:49544 - R:localhost/127.0.0.1:47013]' for 'POST' to 'http://localhost:47013/session/c5efd7ac8a1e3d8f8a87919b08fbcbdd/element/f22af731-50d7-43fd-ac3c-a68d71672f7d/element' 
5927 [Forwarding findChildElement on session c5efd7ac8a1e3d8f8a87919b08fbcbdd to remote] DEBUG o.a.n.request.NettyRequestSender - Using open Channel [id: 0x2dd8e79a, L:/127.0.0.1:49544 - R:localhost/127.0.0.1:47013] for POST '/session/c5efd7ac8a1e3d8f8a87919b08fbcbdd/element/f22af731-50d7-43fd-ac3c-a68d71672f7d/element' 
5927 [AsyncHttpClient-1-2] DEBUG o.a.netty.handler.HttpHandler - 

Request DefaultHttpRequest(decodeResult: success, version: HTTP/1.1)
POST /session/c5efd7ac8a1e3d8f8a87919b08fbcbdd/element/f22af731-50d7-43fd-ac3c-a68d71672f7d/element HTTP/1.1
User-Agent: selenium/4.0.0-alpha-7 (java windows)
Content-Length: 97
Content-Type: application/json; charset=utf-8
host: localhost:47013
accept: */*

Response DefaultHttpResponse(decodeResult: success, version: HTTP/1.1)
HTTP/1.1 200 OK
Content-Length: 88
Content-Type: application/json; charset=utf-8
cache-control: no-cache
 
5927 [AsyncHttpClient-1-2] DEBUG o.a.netty.channel.ChannelManager - Adding key: http://localhost:47013 for channel [id: 0x2dd8e79a, L:/127.0.0.1:49544 - R:localhost/127.0.0.1:47013] 
5927 [Forwarding getElementAttribute on session c5efd7ac8a1e3d8f8a87919b08fbcbdd to remote] DEBUG o.a.n.request.NettyRequestSender - Using pooled Channel '[id: 0x2dd8e79a, L:/127.0.0.1:49544 - R:localhost/127.0.0.1:47013]' for 'POST' to 'http://localhost:47013/session/c5efd7ac8a1e3d8f8a87919b08fbcbdd/execute/sync' 
5927 [Forwarding getElementAttribute on session c5efd7ac8a1e3d8f8a87919b08fbcbdd to remote] DEBUG o.a.n.request.NettyRequestSender - Using open Channel [id: 0x2dd8e79a, L:/127.0.0.1:49544 - R:localhost/127.0.0.1:47013] for POST '/session/c5efd7ac8a1e3d8f8a87919b08fbcbdd/execute/sync' 
5943 [AsyncHttpClient-1-2] DEBUG o.a.netty.handler.HttpHandler - 

Request DefaultHttpRequest(decodeResult: success, version: HTTP/1.1)
POST /session/c5efd7ac8a1e3d8f8a87919b08fbcbdd/execute/sync HTTP/1.1
User-Agent: selenium/4.0.0-alpha-7 (java windows)
Content-Length: 48527
Content-Type: application/json; charset=utf-8
host: localhost:47013
accept: */*

Response DefaultHttpResponse(decodeResult: success, version: HTTP/1.1)
HTTP/1.1 200 OK
Content-Length: 14
Content-Type: application/json; charset=utf-8
cache-control: no-cache
 
5943 [AsyncHttpClient-1-2] DEBUG o.a.netty.channel.ChannelManager - Adding key: http://localhost:47013 for channel [id: 0x2dd8e79a, L:/127.0.0.1:49544 - R:localhost/127.0.0.1:47013] 
5943 [Forwarding getElementText on session c5efd7ac8a1e3d8f8a87919b08fbcbdd to remote] DEBUG o.a.n.request.NettyRequestSender - Using pooled Channel '[id: 0x2dd8e79a, L:/127.0.0.1:49544 - R:localhost/127.0.0.1:47013]' for 'GET' to 'http://localhost:47013/session/c5efd7ac8a1e3d8f8a87919b08fbcbdd/element/b8916e29-21d5-440b-9661-e4dc58888c41/text' 
5943 [Forwarding getElementText on session c5efd7ac8a1e3d8f8a87919b08fbcbdd to remote] DEBUG o.a.n.request.NettyRequestSender - Using open Channel [id: 0x2dd8e79a, L:/127.0.0.1:49544 - R:localhost/127.0.0.1:47013] for GET '/session/c5efd7ac8a1e3d8f8a87919b08fbcbdd/element/b8916e29-21d5-440b-9661-e4dc58888c41/text' 
5958 [AsyncHttpClient-1-2] DEBUG o.a.netty.handler.HttpHandler - 

Request DefaultFullHttpRequest(decodeResult: success, version: HTTP/1.1, content: EmptyByteBufBE)
GET /session/c5efd7ac8a1e3d8f8a87919b08fbcbdd/element/b8916e29-21d5-440b-9661-e4dc58888c41/text HTTP/1.1
User-Agent: selenium/4.0.0-alpha-7 (java windows)
Cache-Control: no-cache
Content-Type: application/json; charset=utf-8
host: localhost:47013
accept: */*

Response DefaultHttpResponse(decodeResult: success, version: HTTP/1.1)
HTTP/1.1 200 OK
Content-Length: 24
Content-Type: application/json; charset=utf-8
cache-control: no-cache
 
5958 [AsyncHttpClient-1-2] DEBUG o.a.netty.channel.ChannelManager - Adding key: http://localhost:47013 for channel [id: 0x2dd8e79a, L:/127.0.0.1:49544 - R:localhost/127.0.0.1:47013] 
5958 [Forwarding getElementText on session c5efd7ac8a1e3d8f8a87919b08fbcbdd to remote] DEBUG o.a.n.request.NettyRequestSender - Using pooled Channel '[id: 0x2dd8e79a, L:/127.0.0.1:49544 - R:localhost/127.0.0.1:47013]' for 'GET' to 'http://localhost:47013/session/c5efd7ac8a1e3d8f8a87919b08fbcbdd/element/f7879452-7d9c-4b74-80cc-20655e4ed8c4/text' 
5958 [Forwarding getElementText on session c5efd7ac8a1e3d8f8a87919b08fbcbdd to remote] DEBUG o.a.n.request.NettyRequestSender - Using open Channel [id: 0x2dd8e79a, L:/127.0.0.1:49544 - R:localhost/127.0.0.1:47013] for GET '/session/c5efd7ac8a1e3d8f8a87919b08fbcbdd/element/f7879452-7d9c-4b74-80cc-20655e4ed8c4/text' 
5974 [AsyncHttpClient-1-2] DEBUG o.a.netty.handler.HttpHandler - 

Request DefaultFullHttpRequest(decodeResult: success, version: HTTP/1.1, content: EmptyByteBufBE)
GET /session/c5efd7ac8a1e3d8f8a87919b08fbcbdd/element/f7879452-7d9c-4b74-80cc-20655e4ed8c4/text HTTP/1.1
User-Agent: selenium/4.0.0-alpha-7 (java windows)
Cache-Control: no-cache
Content-Type: application/json; charset=utf-8
host: localhost:47013
accept: */*

Response DefaultHttpResponse(decodeResult: success, version: HTTP/1.1)
HTTP/1.1 200 OK
Content-Length: 21
Content-Type: application/json; charset=utf-8
cache-control: no-cache
 
5974 [AsyncHttpClient-1-2] DEBUG o.a.netty.channel.ChannelManager - Adding key: http://localhost:47013 for channel [id: 0x2dd8e79a, L:/127.0.0.1:49544 - R:localhost/127.0.0.1:47013] 
5974 [Forwarding getElementText on session c5efd7ac8a1e3d8f8a87919b08fbcbdd to remote] DEBUG o.a.n.request.NettyRequestSender - Using pooled Channel '[id: 0x2dd8e79a, L:/127.0.0.1:49544 - R:localhost/127.0.0.1:47013]' for 'GET' to 'http://localhost:47013/session/c5efd7ac8a1e3d8f8a87919b08fbcbdd/element/5af86325-6528-42d2-a1d3-ad9fa0cba87b/text' 
5974 [Forwarding getElementText on session c5efd7ac8a1e3d8f8a87919b08fbcbdd to remote] DEBUG o.a.n.request.NettyRequestSender - Using open Channel [id: 0x2dd8e79a, L:/127.0.0.1:49544 - R:localhost/127.0.0.1:47013] for GET '/session/c5efd7ac8a1e3d8f8a87919b08fbcbdd/element/5af86325-6528-42d2-a1d3-ad9fa0cba87b/text' 
5990 [AsyncHttpClient-1-2] DEBUG o.a.netty.handler.HttpHandler - 

Request DefaultFullHttpRequest(decodeResult: success, version: HTTP/1.1, content: EmptyByteBufBE)
GET /session/c5efd7ac8a1e3d8f8a87919b08fbcbdd/element/5af86325-6528-42d2-a1d3-ad9fa0cba87b/text HTTP/1.1
User-Agent: selenium/4.0.0-alpha-7 (java windows)
Cache-Control: no-cache
Content-Type: application/json; charset=utf-8
host: localhost:47013
accept: */*

Response DefaultHttpResponse(decodeResult: success, version: HTTP/1.1)
HTTP/1.1 200 OK
Content-Length: 12
Content-Type: application/json; charset=utf-8
cache-control: no-cache
 
[...]
6163 [Forwarding findChildElement on session c5efd7ac8a1e3d8f8a87919b08fbcbdd to remote] DEBUG o.a.n.request.NettyRequestSender - Using open Channel [id: 0x2dd8e79a, L:/127.0.0.1:49544 - R:localhost/127.0.0.1:47013] for POST '/session/c5efd7ac8a1e3d8f8a87919b08fbcbdd/element/f532d8fb-4fbb-4072-85c3-56c0398d9388/element' 
6163 [AsyncHttpClient-1-2] DEBUG o.a.netty.handler.HttpHandler - 

Request DefaultHttpRequest(decodeResult: success, version: HTTP/1.1)
POST /session/c5efd7ac8a1e3d8f8a87919b08fbcbdd/element/f532d8fb-4fbb-4072-85c3-56c0398d9388/element HTTP/1.1
User-Agent: selenium/4.0.0-alpha-7 (java windows)
Content-Length: 102
Content-Type: application/json; charset=utf-8
host: localhost:47013
accept: */*

Response DefaultHttpResponse(decodeResult: success, version: HTTP/1.1)
HTTP/1.1 200 OK
Content-Length: 88
Content-Type: application/json; charset=utf-8
cache-control: no-cache
 
6163 [AsyncHttpClient-1-2] DEBUG o.a.netty.channel.ChannelManager - Adding key: http://localhost:47013 for channel [id: 0x2dd8e79a, L:/127.0.0.1:49544 - R:localhost/127.0.0.1:47013] 
6163 [Forwarding findChildElements on session c5efd7ac8a1e3d8f8a87919b08fbcbdd to remote] DEBUG o.a.n.request.NettyRequestSender - Using pooled Channel '[id: 0x2dd8e79a, L:/127.0.0.1:49544 - R:localhost/127.0.0.1:47013]' for 'POST' to 'http://localhost:47013/session/c5efd7ac8a1e3d8f8a87919b08fbcbdd/element/4c30ba2d-a930-467b-bc6a-6e108df75d5a/elements' 
6163 [Forwarding findChildElements on session c5efd7ac8a1e3d8f8a87919b08fbcbdd to remote] DEBUG o.a.n.request.NettyRequestSender - Using open Channel [id: 0x2dd8e79a, L:/127.0.0.1:49544 - R:localhost/127.0.0.1:47013] for POST '/session/c5efd7ac8a1e3d8f8a87919b08fbcbdd/element/4c30ba2d-a930-467b-bc6a-6e108df75d5a/elements' 
6184 [AsyncHttpClient-1-2] DEBUG o.a.netty.handler.HttpHandler - 

Request DefaultHttpRequest(decodeResult: success, version: HTTP/1.1)
POST /session/c5efd7ac8a1e3d8f8a87919b08fbcbdd/element/4c30ba2d-a930-467b-bc6a-6e108df75d5a/elements HTTP/1.1
User-Agent: selenium/4.0.0-alpha-7 (java windows)
Content-Length: 94
Content-Type: application/json; charset=utf-8
host: localhost:47013
accept: */*

Response DefaultHttpResponse(decodeResult: success, version: HTTP/1.1)
HTTP/1.1 200 OK
Content-Length: 801
Content-Type: application/json; charset=utf-8
cache-control: no-cache
 
6185 [AsyncHttpClient-1-2] DEBUG o.a.netty.channel.ChannelManager - Adding key: http://localhost:47013 for channel [id: 0x2dd8e79a, L:/127.0.0.1:49544 - R:localhost/127.0.0.1:47013] 
6187 [Forwarding findChildElement on session c5efd7ac8a1e3d8f8a87919b08fbcbdd to remote] DEBUG o.a.n.request.NettyRequestSender - Using pooled Channel '[id: 0x2dd8e79a, L:/127.0.0.1:49544 - R:localhost/127.0.0.1:47013]' for 'POST' to 'http://localhost:47013/session/c5efd7ac8a1e3d8f8a87919b08fbcbdd/element/ee6f767b-a8ff-4561-9f16-7f516739c1ff/element' 
6187 [Forwarding findChildElement on session c5efd7ac8a1e3d8f8a87919b08fbcbdd to remote] DEBUG o.a.n.request.NettyRequestSender - Using open Channel [id: 0x2dd8e79a, L:/127.0.0.1:49544 - R:localhost/127.0.0.1:47013] for POST '/session/c5efd7ac8a1e3d8f8a87919b08fbcbdd/element/ee6f767b-a8ff-4561-9f16-7f516739c1ff/element' 
6197 [AsyncHttpClient-1-2] DEBUG o.a.netty.handler.HttpHandler - 

Request DefaultHttpRequest(decodeResult: success, version: HTTP/1.1)
POST /session/c5efd7ac8a1e3d8f8a87919b08fbcbdd/element/ee6f767b-a8ff-4561-9f16-7f516739c1ff/element HTTP/1.1
User-Agent: selenium/4.0.0-alpha-7 (java windows)
Content-Length: 93
Content-Type: application/json; charset=utf-8
host: localhost:47013
accept: */*

Response DefaultHttpResponse(decodeResult: success, version: HTTP/1.1)
HTTP/1.1 200 OK
Content-Length: 88
Content-Type: application/json; charset=utf-8
cache-control: no-cache
 
6197 [AsyncHttpClient-1-2] DEBUG o.a.netty.channel.ChannelManager - Adding key: http://localhost:47013 for channel [id: 0x2dd8e79a, L:/127.0.0.1:49544 - R:localhost/127.0.0.1:47013] 
6199 [Forwarding clickElement on session c5efd7ac8a1e3d8f8a87919b08fbcbdd to remote] DEBUG o.a.n.request.NettyRequestSender - Using pooled Channel '[id: 0x2dd8e79a, L:/127.0.0.1:49544 - R:localhost/127.0.0.1:47013]' for 'POST' to 'http://localhost:47013/session/c5efd7ac8a1e3d8f8a87919b08fbcbdd/element/64b6f7b9-0107-4773-aaea-f2ddc52ce225/click' 
6199 [Forwarding clickElement on session c5efd7ac8a1e3d8f8a87919b08fbcbdd to remote] DEBUG o.a.n.request.NettyRequestSender - Using open Channel [id: 0x2dd8e79a, L:/127.0.0.1:49544 - R:localhost/127.0.0.1:47013] for POST '/session/c5efd7ac8a1e3d8f8a87919b08fbcbdd/element/64b6f7b9-0107-4773-aaea-f2ddc52ce225/click' 
6283 [AsyncHttpClient-1-2] DEBUG o.a.netty.handler.HttpHandler - 

Request DefaultHttpRequest(decodeResult: success, version: HTTP/1.1)
POST /session/c5efd7ac8a1e3d8f8a87919b08fbcbdd/element/64b6f7b9-0107-4773-aaea-f2ddc52ce225/click HTTP/1.1
User-Agent: selenium/4.0.0-alpha-7 (java windows)
Content-Length: 50
Content-Type: application/json; charset=utf-8
host: localhost:47013
accept: */*

Response DefaultHttpResponse(decodeResult: success, version: HTTP/1.1)
HTTP/1.1 200 OK
Content-Length: 14
Content-Type: application/json; charset=utf-8
cache-control: no-cache
 
6284 [AsyncHttpClient-1-2] DEBUG o.a.netty.channel.ChannelManager - Adding key: http://localhost:47013 for channel [id: 0x2dd8e79a, L:/127.0.0.1:49544 - R:localhost/127.0.0.1:47013] 
6285 [Forwarding findElement on session c5efd7ac8a1e3d8f8a87919b08fbcbdd to remote] DEBUG o.a.n.request.NettyRequestSender - Using pooled Channel '[id: 0x2dd8e79a, L:/127.0.0.1:49544 - R:localhost/127.0.0.1:47013]' for 'POST' to 'http://localhost:47013/session/c5efd7ac8a1e3d8f8a87919b08fbcbdd/element' 
6285 [Forwarding findElement on session c5efd7ac8a1e3d8f8a87919b08fbcbdd to remote] DEBUG o.a.n.request.NettyRequestSender - Using open Channel [id: 0x2dd8e79a, L:/127.0.0.1:49544 - R:localhost/127.0.0.1:47013] for POST '/session/c5efd7ac8a1e3d8f8a87919b08fbcbdd/element' 
6298 [AsyncHttpClient-1-2] DEBUG o.a.netty.handler.HttpHandler - 

Request DefaultHttpRequest(decodeResult: success, version: HTTP/1.1)
POST /session/c5efd7ac8a1e3d8f8a87919b08fbcbdd/element HTTP/1.1
User-Agent: selenium/4.0.0-alpha-7 (java windows)
Content-Length: 63
Content-Type: application/json; charset=utf-8
host: localhost:47013
accept: */*

Response DefaultHttpResponse(decodeResult: success, version: HTTP/1.1)
HTTP/1.1 200 OK
Content-Length: 88
Content-Type: application/json; charset=utf-8
cache-control: no-cache
 
6298 [AsyncHttpClient-1-2] DEBUG o.a.netty.channel.ChannelManager - Adding key: http://localhost:47013 for channel [id: 0x2dd8e79a, L:/127.0.0.1:49544 - R:localhost/127.0.0.1:47013] 
6301 [Forwarding getElementAttribute on session c5efd7ac8a1e3d8f8a87919b08fbcbdd to remote] DEBUG o.a.n.request.NettyRequestSender - Using pooled Channel '[id: 0x2dd8e79a, L:/127.0.0.1:49544 - R:localhost/127.0.0.1:47013]' for 'POST' to 'http://localhost:47013/session/c5efd7ac8a1e3d8f8a87919b08fbcbdd/execute/sync' 
6302 [Forwarding getElementAttribute on session c5efd7ac8a1e3d8f8a87919b08fbcbdd to remote] DEBUG o.a.n.request.NettyRequestSender - Using open Channel [id: 0x2dd8e79a, L:/127.0.0.1:49544 - R:localhost/127.0.0.1:47013] for POST '/session/c5efd7ac8a1e3d8f8a87919b08fbcbdd/execute/sync' 
6311 [AsyncHttpClient-1-2] DEBUG o.a.netty.handler.HttpHandler - 

Request DefaultHttpRequest(decodeResult: success, version: HTTP/1.1)
POST /session/c5efd7ac8a1e3d8f8a87919b08fbcbdd/execute/sync HTTP/1.1
User-Agent: selenium/4.0.0-alpha-7 (java windows)
Content-Length: 48527
Content-Type: application/json; charset=utf-8
host: localhost:47013
accept: */*

Response DefaultHttpResponse(decodeResult: success, version: HTTP/1.1)
HTTP/1.1 200 OK
Content-Length: 21
Content-Type: application/json; charset=utf-8
cache-control: no-cache
 
6311 [AsyncHttpClient-1-2] DEBUG o.a.netty.channel.ChannelManager - Adding key: http://localhost:47013 for channel [id: 0x2dd8e79a, L:/127.0.0.1:49544 - R:localhost/127.0.0.1:47013] 
6312 [Forwarding findElement on session c5efd7ac8a1e3d8f8a87919b08fbcbdd to remote] DEBUG o.a.n.request.NettyRequestSender - Using pooled Channel '[id: 0x2dd8e79a, L:/127.0.0.1:49544 - R:localhost/127.0.0.1:47013]' for 'POST' to 'http://localhost:47013/session/c5efd7ac8a1e3d8f8a87919b08fbcbdd/element' 
6312 [Forwarding findElement on session c5efd7ac8a1e3d8f8a87919b08fbcbdd to remote] DEBUG o.a.n.request.NettyRequestSender - Using open Channel [id: 0x2dd8e79a, L:/127.0.0.1:49544 - R:localhost/127.0.0.1:47013] for POST '/session/c5efd7ac8a1e3d8f8a87919b08fbcbdd/element' 
6321 [AsyncHttpClient-1-2] DEBUG o.a.netty.handler.HttpHandler - 

Request DefaultHttpRequest(decodeResult: success, version: HTTP/1.1)
POST /session/c5efd7ac8a1e3d8f8a87919b08fbcbdd/element HTTP/1.1
User-Agent: selenium/4.0.0-alpha-7 (java windows)
Content-Length: 62
Content-Type: application/json; charset=utf-8
host: localhost:47013
accept: */*

Response DefaultHttpResponse(decodeResult: success, version: HTTP/1.1)
HTTP/1.1 200 OK
Content-Length: 88
Content-Type: application/json; charset=utf-8
cache-control: no-cache
 
6322 [AsyncHttpClient-1-2] DEBUG o.a.netty.channel.ChannelManager - Adding key: http://localhost:47013 for channel [id: 0x2dd8e79a, L:/127.0.0.1:49544 - R:localhost/127.0.0.1:47013] 
6325 [Forwarding getElementAttribute on session c5efd7ac8a1e3d8f8a87919b08fbcbdd to remote] DEBUG o.a.n.request.NettyRequestSender - Using pooled Channel '[id: 0x2dd8e79a, L:/127.0.0.1:49544 - R:localhost/127.0.0.1:47013]' for 'POST' to 'http://localhost:47013/session/c5efd7ac8a1e3d8f8a87919b08fbcbdd/execute/sync' 
6325 [Forwarding getElementAttribute on session c5efd7ac8a1e3d8f8a87919b08fbcbdd to remote] DEBUG o.a.n.request.NettyRequestSender - Using open Channel [id: 0x2dd8e79a, L:/127.0.0.1:49544 - R:localhost/127.0.0.1:47013] for POST '/session/c5efd7ac8a1e3d8f8a87919b08fbcbdd/execute/sync' 
6335 [AsyncHttpClient-1-2] DEBUG o.a.netty.handler.HttpHandler - 

Request DefaultHttpRequest(decodeResult: success, version: HTTP/1.1)
POST /session/c5efd7ac8a1e3d8f8a87919b08fbcbdd/execute/sync HTTP/1.1
User-Agent: selenium/4.0.0-alpha-7 (java windows)
Content-Length: 48527
Content-Type: application/json; charset=utf-8
host: localhost:47013
accept: */*

Response DefaultHttpResponse(decodeResult: success, version: HTTP/1.1)
HTTP/1.1 200 OK
Content-Length: 24
Content-Type: application/json; charset=utf-8
cache-control: no-cache
 
6335 [AsyncHttpClient-1-2] DEBUG o.a.netty.channel.ChannelManager - Adding key: http://localhost:47013 for channel [id: 0x2dd8e79a, L:/127.0.0.1:49544 - R:localhost/127.0.0.1:47013] 
6336 [Forwarding findElement on session c5efd7ac8a1e3d8f8a87919b08fbcbdd to remote] DEBUG o.a.n.request.NettyRequestSender - Using pooled Channel '[id: 0x2dd8e79a, L:/127.0.0.1:49544 - R:localhost/127.0.0.1:47013]' for 'POST' to 'http://localhost:47013/session/c5efd7ac8a1e3d8f8a87919b08fbcbdd/element' 
6336 [Forwarding findElement on session c5efd7ac8a1e3d8f8a87919b08fbcbdd to remote] DEBUG o.a.n.request.NettyRequestSender - Using open Channel [id: 0x2dd8e79a, L:/127.0.0.1:49544 - R:localhost/127.0.0.1:47013] for POST '/session/c5efd7ac8a1e3d8f8a87919b08fbcbdd/element' 
6346 [AsyncHttpClient-1-2] DEBUG o.a.netty.handler.HttpHandler - 

Request DefaultHttpRequest(decodeResult: success, version: HTTP/1.1)
POST /session/c5efd7ac8a1e3d8f8a87919b08fbcbdd/element HTTP/1.1
User-Agent: selenium/4.0.0-alpha-7 (java windows)
Content-Length: 58
Content-Type: application/json; charset=utf-8
host: localhost:47013
accept: */*

Response DefaultHttpResponse(decodeResult: success, version: HTTP/1.1)
HTTP/1.1 200 OK
Content-Length: 88
Content-Type: application/json; charset=utf-8
cache-control: no-cache
 
6346 [AsyncHttpClient-1-2] DEBUG o.a.netty.channel.ChannelManager - Adding key: http://localhost:47013 for channel [id: 0x2dd8e79a, L:/127.0.0.1:49544 - R:localhost/127.0.0.1:47013] 
6349 [Forwarding getElementAttribute on session c5efd7ac8a1e3d8f8a87919b08fbcbdd to remote] DEBUG o.a.n.request.NettyRequestSender - Using pooled Channel '[id: 0x2dd8e79a, L:/127.0.0.1:49544 - R:localhost/127.0.0.1:47013]' for 'POST' to 'http://localhost:47013/session/c5efd7ac8a1e3d8f8a87919b08fbcbdd/execute/sync' 
6349 [Forwarding getElementAttribute on session c5efd7ac8a1e3d8f8a87919b08fbcbdd to remote] DEBUG o.a.n.request.NettyRequestSender - Using open Channel [id: 0x2dd8e79a, L:/127.0.0.1:49544 - R:localhost/127.0.0.1:47013] for POST '/session/c5efd7ac8a1e3d8f8a87919b08fbcbdd/execute/sync' 
6358 [AsyncHttpClient-1-2] DEBUG o.a.netty.handler.HttpHandler - 

Request DefaultHttpRequest(decodeResult: success, version: HTTP/1.1)
POST /session/c5efd7ac8a1e3d8f8a87919b08fbcbdd/execute/sync HTTP/1.1
User-Agent: selenium/4.0.0-alpha-7 (java windows)
Content-Length: 48527
Content-Type: application/json; charset=utf-8
host: localhost:47013
accept: */*

Response DefaultHttpResponse(decodeResult: success, version: HTTP/1.1)
HTTP/1.1 200 OK
Content-Length: 12
Content-Type: application/json; charset=utf-8
cache-control: no-cache
 
6358 [AsyncHttpClient-1-2] DEBUG o.a.netty.channel.ChannelManager - Adding key: http://localhost:47013 for channel [id: 0x2dd8e79a, L:/127.0.0.1:49544 - R:localhost/127.0.0.1:47013] 
6358 [Forwarding findElement on session c5efd7ac8a1e3d8f8a87919b08fbcbdd to remote] DEBUG o.a.n.request.NettyRequestSender - Using pooled Channel '[id: 0x2dd8e79a, L:/127.0.0.1:49544 - R:localhost/127.0.0.1:47013]' for 'POST' to 'http://localhost:47013/session/c5efd7ac8a1e3d8f8a87919b08fbcbdd/element' 
6358 [Forwarding findElement on session c5efd7ac8a1e3d8f8a87919b08fbcbdd to remote] DEBUG o.a.n.request.NettyRequestSender - Using open Channel [id: 0x2dd8e79a, L:/127.0.0.1:49544 - R:localhost/127.0.0.1:47013] for POST '/session/c5efd7ac8a1e3d8f8a87919b08fbcbdd/element' 
6358 [AsyncHttpClient-1-2] DEBUG o.a.netty.handler.HttpHandler - 

Request DefaultHttpRequest(decodeResult: success, version: HTTP/1.1)
POST /session/c5efd7ac8a1e3d8f8a87919b08fbcbdd/element HTTP/1.1
User-Agent: selenium/4.0.0-alpha-7 (java windows)
Content-Length: 60
Content-Type: application/json; charset=utf-8
host: localhost:47013
accept: */*

Response DefaultHttpResponse(decodeResult: success, version: HTTP/1.1)
HTTP/1.1 200 OK
Content-Length: 88
Content-Type: application/json; charset=utf-8
cache-control: no-cache
 
6358 [AsyncHttpClient-1-2] DEBUG o.a.netty.channel.ChannelManager - Adding key: http://localhost:47013 for channel [id: 0x2dd8e79a, L:/127.0.0.1:49544 - R:localhost/127.0.0.1:47013] 
6358 [Forwarding getElementAttribute on session c5efd7ac8a1e3d8f8a87919b08fbcbdd to remote] DEBUG o.a.n.request.NettyRequestSender - Using pooled Channel '[id: 0x2dd8e79a, L:/127.0.0.1:49544 - R:localhost/127.0.0.1:47013]' for 'POST' to 'http://localhost:47013/session/c5efd7ac8a1e3d8f8a87919b08fbcbdd/execute/sync' 
6358 [Forwarding getElementAttribute on session c5efd7ac8a1e3d8f8a87919b08fbcbdd to remote] DEBUG o.a.n.request.NettyRequestSender - Using open Channel [id: 0x2dd8e79a, L:/127.0.0.1:49544 - R:localhost/127.0.0.1:47013] for POST '/session/c5efd7ac8a1e3d8f8a87919b08fbcbdd/execute/sync' 
6374 [AsyncHttpClient-1-2] DEBUG o.a.netty.handler.HttpHandler - 

Request DefaultHttpRequest(decodeResult: success, version: HTTP/1.1)
POST /session/c5efd7ac8a1e3d8f8a87919b08fbcbdd/execute/sync HTTP/1.1
User-Agent: selenium/4.0.0-alpha-7 (java windows)
Content-Length: 48527
Content-Type: application/json; charset=utf-8
host: localhost:47013
accept: */*

Response DefaultHttpResponse(decodeResult: success, version: HTTP/1.1)
HTTP/1.1 200 OK
Content-Length: 12
Content-Type: application/json; charset=utf-8
cache-control: no-cache
 
6374 [AsyncHttpClient-1-2] DEBUG o.a.netty.channel.ChannelManager - Adding key: http://localhost:47013 for channel [id: 0x2dd8e79a, L:/127.0.0.1:49544 - R:localhost/127.0.0.1:47013] 
6374 [Forwarding findElement on session c5efd7ac8a1e3d8f8a87919b08fbcbdd to remote] DEBUG o.a.n.request.NettyRequestSender - Using pooled Channel '[id: 0x2dd8e79a, L:/127.0.0.1:49544 - R:localhost/127.0.0.1:47013]' for 'POST' to 'http://localhost:47013/session/c5efd7ac8a1e3d8f8a87919b08fbcbdd/element' 
6374 [Forwarding findElement on session c5efd7ac8a1e3d8f8a87919b08fbcbdd to remote] DEBUG o.a.n.request.NettyRequestSender - Using open Channel [id: 0x2dd8e79a, L:/127.0.0.1:49544 - R:localhost/127.0.0.1:47013] for POST '/session/c5efd7ac8a1e3d8f8a87919b08fbcbdd/element' 
6389 [AsyncHttpClient-1-2] DEBUG o.a.netty.handler.HttpHandler - 

Request DefaultHttpRequest(decodeResult: success, version: HTTP/1.1)
POST /session/c5efd7ac8a1e3d8f8a87919b08fbcbdd/element HTTP/1.1
User-Agent: selenium/4.0.0-alpha-7 (java windows)
Content-Length: 58
Content-Type: application/json; charset=utf-8
host: localhost:47013
accept: */*

Response DefaultHttpResponse(decodeResult: success, version: HTTP/1.1)
HTTP/1.1 200 OK
Content-Length: 88
Content-Type: application/json; charset=utf-8
cache-control: no-cache
 
6389 [AsyncHttpClient-1-2] DEBUG o.a.netty.channel.ChannelManager - Adding key: http://localhost:47013 for channel [id: 0x2dd8e79a, L:/127.0.0.1:49544 - R:localhost/127.0.0.1:47013] 
6389 [Forwarding getElementAttribute on session c5efd7ac8a1e3d8f8a87919b08fbcbdd to remote] DEBUG o.a.n.request.NettyRequestSender - Using pooled Channel '[id: 0x2dd8e79a, L:/127.0.0.1:49544 - R:localhost/127.0.0.1:47013]' for 'POST' to 'http://localhost:47013/session/c5efd7ac8a1e3d8f8a87919b08fbcbdd/execute/sync' 
6389 [Forwarding getElementAttribute on session c5efd7ac8a1e3d8f8a87919b08fbcbdd to remote] DEBUG o.a.n.request.NettyRequestSender - Using open Channel [id: 0x2dd8e79a, L:/127.0.0.1:49544 - R:localhost/127.0.0.1:47013] for POST '/session/c5efd7ac8a1e3d8f8a87919b08fbcbdd/execute/sync' 
6406 [AsyncHttpClient-1-2] DEBUG o.a.netty.handler.HttpHandler - 

Request DefaultHttpRequest(decodeResult: success, version: HTTP/1.1)
POST /session/c5efd7ac8a1e3d8f8a87919b08fbcbdd/execute/sync HTTP/1.1
User-Agent: selenium/4.0.0-alpha-7 (java windows)
Content-Length: 48527
Content-Type: application/json; charset=utf-8
host: localhost:47013
accept: */*

Response DefaultHttpResponse(decodeResult: success, version: HTTP/1.1)
HTTP/1.1 200 OK
Content-Length: 12
Content-Type: application/json; charset=utf-8
cache-control: no-cache
 
6406 [AsyncHttpClient-1-2] DEBUG o.a.netty.channel.ChannelManager - Adding key: http://localhost:47013 for channel [id: 0x2dd8e79a, L:/127.0.0.1:49544 - R:localhost/127.0.0.1:47013] 
6406 [Forwarding goBack on session c5efd7ac8a1e3d8f8a87919b08fbcbdd to remote] DEBUG o.a.n.request.NettyRequestSender - Using pooled Channel '[id: 0x2dd8e79a, L:/127.0.0.1:49544 - R:localhost/127.0.0.1:47013]' for 'POST' to 'http://localhost:47013/session/c5efd7ac8a1e3d8f8a87919b08fbcbdd/back' 
6406 [Forwarding goBack on session c5efd7ac8a1e3d8f8a87919b08fbcbdd to remote] DEBUG o.a.n.request.NettyRequestSender - Using open Channel [id: 0x2dd8e79a, L:/127.0.0.1:49544 - R:localhost/127.0.0.1:47013] for POST '/session/c5efd7ac8a1e3d8f8a87919b08fbcbdd/back' 
6459 [AsyncHttpClient-1-2] DEBUG o.a.netty.handler.HttpHandler - 

Request DefaultHttpRequest(decodeResult: success, version: HTTP/1.1)
POST /session/c5efd7ac8a1e3d8f8a87919b08fbcbdd/back HTTP/1.1
User-Agent: selenium/4.0.0-alpha-7 (java windows)
Content-Length: 3
Content-Type: application/json; charset=utf-8
host: localhost:47013
accept: */*

Response DefaultHttpResponse(decodeResult: success, version: HTTP/1.1)
HTTP/1.1 200 OK
Content-Length: 14
Content-Type: application/json; charset=utf-8
cache-control: no-cache
 
6459 [AsyncHttpClient-1-2] DEBUG o.a.netty.channel.ChannelManager - Adding key: http://localhost:47013 for channel [id: 0x2dd8e79a, L:/127.0.0.1:49544 - R:localhost/127.0.0.1:47013] 
6464 [Test worker] INFO  garuda.dndz.ua.tests.TestBase - Stop test testContactPhone 
]]></system-out>
  <system-err><![CDATA[]]></system-err>
</testsuite>
